# JRE version: OpenJDK Runtime Environment (21.0.9) (build 21.0.9+-14787801-b1163.94)
# Java VM: OpenJDK 64-Bit Server VM (21.0.9+-14787801-b1163.94, mixed mode, tiered, compressed oops, compressed class ptrs, g1 gc, windows-amd64)
GC Precious Log:
 CardTable entry size: 512
 Card Set container configuration: InlinePtr #cards 5 size 8 Array Of Cards #cards 12 size 40 Howl #buckets 4 coarsen threshold 1843 Howl Bitmap #cards 512 size 80 coarsen threshold 460 Card regions per heap region 1 cards per card region 2048
 CPUs: 4 total, 4 available
 Memory: 11178M
 Large Page Support: Disabled
 NUMA Support: Disabled
 Compressed Oops: Enabled (32-bit)
 Heap Region Size: 1M
 Heap Min Capacity: 8M
 Heap Initial Capacity: 176M
 Heap Max Capacity: 1G
 Pre-touch: Disabled
 Parallel Workers: 4
 Concurrent Workers: 1
 Concurrent Refinement Workers: 4
 Periodic GC: Disabled
Heap:
 garbage-first heap   total 133120K, used 111216K [0x00000000c0000000, 0x0000000100000000)
  region size 1024K, 37 young (37888K), 4 survivors (4096K)
 Metaspace       used 78191K, committed 80064K, reserved 344064K
  class space    used 11173K, committed 12032K, reserved 212992K
GC Heap History (20 events):
Event: 17.628 GC heap before
{Heap before GC invocations=10 (full 0):
 garbage-first heap   total 104448K, used 91964K [0x00000000c0000000, 0x0000000100000000)
  region size 1024K, 38 young (38912K), 2 survivors (2048K)
 Metaspace       used 50079K, committed 51456K, reserved 278528K
  class space    used 6923K, committed 7616K, reserved 212992K
}
Event: 17.640 GC heap after
{Heap after GC invocations=11 (full 0):
 garbage-first heap   total 104448K, used 59493K [0x00000000c0000000, 0x0000000100000000)
  region size 1024K, 5 young (5120K), 5 survivors (5120K)
 Metaspace       used 50079K, committed 51456K, reserved 278528K
  class space    used 6923K, committed 7616K, reserved 212992K
}
Event: 19.269 GC heap before
{Heap before GC invocations=12 (full 0):
 garbage-first heap   total 104448K, used 92261K [0x00000000c0000000, 0x0000000100000000)
  region size 1024K, 37 young (37888K), 5 survivors (5120K)
 Metaspace       used 53964K, committed 55424K, reserved 278528K
  class space    used 7555K, committed 8256K, reserved 212992K
}
Event: 19.284 GC heap after
{Heap after GC invocations=13 (full 0):
 garbage-first heap   total 104448K, used 63250K [0x00000000c0000000, 0x0000000100000000)
  region size 1024K, 4 young (4096K), 4 survivors (4096K)
 Metaspace       used 53964K, committed 55424K, reserved 278528K
  class space    used 7555K, committed 8256K, reserved 212992K
}
Event: 20.605 GC heap before
{Heap before GC invocations=13 (full 0):
 garbage-first heap   total 104448K, used 91922K [0x00000000c0000000, 0x0000000100000000)
  region size 1024K, 33 young (33792K), 4 survivors (4096K)
 Metaspace       used 57075K, committed 58624K, reserved 278528K
  class space    used 8106K, committed 8832K, reserved 212992K
}
Event: 20.616 GC heap after
{Heap after GC invocations=14 (full 0):
 garbage-first heap   total 104448K, used 64962K [0x00000000c0000000, 0x0000000100000000)
  region size 1024K, 3 young (3072K), 3 survivors (3072K)
 Metaspace       used 57075K, committed 58624K, reserved 278528K
  class space    used 8106K, committed 8832K, reserved 212992K
}
Event: 20.731 GC heap before
{Heap before GC invocations=14 (full 0):
 garbage-first heap   total 104448K, used 65986K [0x00000000c0000000, 0x0000000100000000)
  region size 1024K, 5 young (5120K), 3 survivors (3072K)
 Metaspace       used 57138K, committed 58688K, reserved 278528K
  class space    used 8109K, committed 8832K, reserved 212992K
}
Event: 20.739 GC heap after
{Heap after GC invocations=15 (full 0):
 garbage-first heap   total 104448K, used 65182K [0x00000000c0000000, 0x0000000100000000)
  region size 1024K, 1 young (1024K), 1 survivors (1024K)
 Metaspace       used 57138K, committed 58688K, reserved 278528K
  class space    used 8109K, committed 8832K, reserved 212992K
}
Event: 21.908 GC heap before
{Heap before GC invocations=16 (full 0):
 garbage-first heap   total 114688K, used 92830K [0x00000000c0000000, 0x0000000100000000)
  region size 1024K, 27 young (27648K), 1 survivors (1024K)
 Metaspace       used 57530K, committed 59136K, reserved 278528K
  class space    used 8125K, committed 8896K, reserved 212992K
}
Event: 21.916 GC heap after
{Heap after GC invocations=17 (full 0):
 garbage-first heap   total 114688K, used 72483K [0x00000000c0000000, 0x0000000100000000)
  region size 1024K, 4 young (4096K), 4 survivors (4096K)
 Metaspace       used 57530K, committed 59136K, reserved 278528K
  class space    used 8125K, committed 8896K, reserved 212992K
}
Event: 22.642 GC heap before
{Heap before GC invocations=17 (full 0):
 garbage-first heap   total 114688K, used 101155K [0x00000000c0000000, 0x0000000100000000)
  region size 1024K, 32 young (32768K), 4 survivors (4096K)
 Metaspace       used 59097K, committed 60800K, reserved 278528K
  class space    used 8351K, committed 9152K, reserved 212992K
}
Event: 22.652 GC heap after
{Heap after GC invocations=18 (full 0):
 garbage-first heap   total 114688K, used 74565K [0x00000000c0000000, 0x0000000100000000)
  region size 1024K, 3 young (3072K), 3 survivors (3072K)
 Metaspace       used 59097K, committed 60800K, reserved 278528K
  class space    used 8351K, committed 9152K, reserved 212992K
}
Event: 23.051 GC heap before
{Heap before GC invocations=18 (full 0):
 garbage-first heap   total 114688K, used 102213K [0x00000000c0000000, 0x0000000100000000)
  region size 1024K, 30 young (30720K), 3 survivors (3072K)
 Metaspace       used 59594K, committed 61312K, reserved 278528K
  class space    used 8453K, committed 9280K, reserved 212992K
}
Event: 23.059 GC heap after
{Heap after GC invocations=19 (full 0):
 garbage-first heap   total 114688K, used 75545K [0x00000000c0000000, 0x0000000100000000)
  region size 1024K, 4 young (4096K), 4 survivors (4096K)
 Metaspace       used 59594K, committed 61312K, reserved 278528K
  class space    used 8453K, committed 9280K, reserved 212992K
}
Event: 24.429 GC heap before
{Heap before GC invocations=20 (full 0):
 garbage-first heap   total 128000K, used 103193K [0x00000000c0000000, 0x0000000100000000)
  region size 1024K, 31 young (31744K), 4 survivors (4096K)
 Metaspace       used 62617K, committed 64384K, reserved 278528K
  class space    used 8905K, committed 9728K, reserved 212992K
}
Event: 24.438 GC heap after
{Heap after GC invocations=21 (full 0):
 garbage-first heap   total 128000K, used 76739K [0x00000000c0000000, 0x0000000100000000)
  region size 1024K, 3 young (3072K), 3 survivors (3072K)
 Metaspace       used 62617K, committed 64384K, reserved 278528K
  class space    used 8905K, committed 9728K, reserved 212992K
}
Event: 25.836 GC heap before
{Heap before GC invocations=21 (full 0):
 garbage-first heap   total 128000K, used 115651K [0x00000000c0000000, 0x0000000100000000)
  region size 1024K, 41 young (41984K), 3 survivors (3072K)
 Metaspace       used 67932K, committed 69824K, reserved 278528K
  class space    used 9671K, committed 10560K, reserved 212992K
}
Event: 25.849 GC heap after
{Heap after GC invocations=22 (full 0):
 garbage-first heap   total 128000K, used 77709K [0x00000000c0000000, 0x0000000100000000)
  region size 1024K, 5 young (5120K), 5 survivors (5120K)
 Metaspace       used 67932K, committed 69824K, reserved 278528K
  class space    used 9671K, committed 10560K, reserved 212992K
}
Event: 27.299 GC heap before
{Heap before GC invocations=22 (full 0):
 garbage-first heap   total 128000K, used 116621K [0x00000000c0000000, 0x0000000100000000)
  region size 1024K, 43 young (44032K), 5 survivors (5120K)
 Metaspace       used 72082K, committed 73984K, reserved 278528K
  class space    used 10339K, committed 11264K, reserved 212992K
}
Event: 27.311 GC heap after
{Heap after GC invocations=23 (full 0):
 garbage-first heap   total 128000K, used 79472K [0x00000000c0000000, 0x0000000100000000)
  region size 1024K, 4 young (4096K), 4 survivors (4096K)
 Metaspace       used 72082K, committed 73984K, reserved 278528K
  class space    used 10339K, committed 11264K, reserved 212992K
}

