# JRE version: OpenJDK Runtime Environment (21.0.9) (build 21.0.9+-14787801-b1163.94)
# Java VM: OpenJDK 64-Bit Server VM (21.0.9+-14787801-b1163.94, mixed mode, tiered, compressed oops, compressed class ptrs, g1 gc, windows-amd64)
GC Precious Log:
 CardTable entry size: 512
 Card Set container configuration: InlinePtr #cards 4 size 8 Array Of Cards #cards 16 size 48 Howl #buckets 8 coarsen threshold 3686 Howl Bitmap #cards 512 size 80 coarsen threshold 460 Card regions per heap region 1 cards per card region 4096
 CPUs: 4 total, 4 available
 Memory: 11178M
 Large Page Support: Disabled
 NUMA Support: Disabled
 Compressed Oops: Enabled (Zero based)
 Heap Region Size: 2M
 Heap Min Capacity: 8M
 Heap Initial Capacity: 176M
 Heap Max Capacity: 2796M
 Pre-touch: Disabled
 Parallel Workers: 4
 Concurrent Workers: 1
 Concurrent Refinement Workers: 4
 Periodic GC: Disabled
Heap:
 garbage-first heap   total 274432K, used 190976K [0x0000000751400000, 0x0000000800000000)
  region size 2048K, 17 young (34816K), 2 survivors (4096K)
 Metaspace       used 91800K, committed 92160K, reserved 1179648K
  class space    used 9683K, committed 9856K, reserved 1048576K
GC Heap History (20 events):
Event: 39.061 GC heap before
{Heap before GC invocations=30 (full 0):
 garbage-first heap   total 147456K, used 130038K [0x0000000751400000, 0x0000000800000000)
  region size 2048K, 20 young (40960K), 3 survivors (6144K)
 Metaspace       used 71258K, committed 71616K, reserved 1114112K
  class space    used 7970K, committed 8128K, reserved 1048576K
}
Event: 39.084 GC heap after
{Heap after GC invocations=31 (full 0):
 garbage-first heap   total 147456K, used 98579K [0x0000000751400000, 0x0000000800000000)
  region size 2048K, 2 young (4096K), 2 survivors (4096K)
 Metaspace       used 71258K, committed 71616K, reserved 1114112K
  class space    used 7970K, committed 8128K, reserved 1048576K
}
Event: 41.659 GC heap before
{Heap before GC invocations=32 (full 0):
 garbage-first heap   total 167936K, used 133395K [0x0000000751400000, 0x0000000800000000)
  region size 2048K, 19 young (38912K), 2 survivors (4096K)
 Metaspace       used 71679K, committed 72000K, reserved 1114112K
  class space    used 7983K, committed 8128K, reserved 1048576K
}
Event: 41.678 GC heap after
{Heap after GC invocations=33 (full 0):
 garbage-first heap   total 167936K, used 102182K [0x0000000751400000, 0x0000000800000000)
  region size 2048K, 3 young (6144K), 3 survivors (6144K)
 Metaspace       used 71679K, committed 72000K, reserved 1114112K
  class space    used 7983K, committed 8128K, reserved 1048576K
}
Event: 45.178 GC heap before
{Heap before GC invocations=33 (full 0):
 garbage-first heap   total 167936K, used 151334K [0x0000000751400000, 0x0000000800000000)
  region size 2048K, 27 young (55296K), 3 survivors (6144K)
 Metaspace       used 72145K, committed 72448K, reserved 1114112K
  class space    used 7990K, committed 8128K, reserved 1048576K
}
Event: 45.221 GC heap after
{Heap after GC invocations=34 (full 0):
 garbage-first heap   total 167936K, used 105425K [0x0000000751400000, 0x0000000800000000)
  region size 2048K, 4 young (8192K), 4 survivors (8192K)
 Metaspace       used 72145K, committed 72448K, reserved 1114112K
  class space    used 7990K, committed 8128K, reserved 1048576K
}
Event: 47.848 GC heap before
{Heap before GC invocations=34 (full 0):
 garbage-first heap   total 167936K, used 152529K [0x0000000751400000, 0x0000000800000000)
  region size 2048K, 27 young (55296K), 4 survivors (8192K)
 Metaspace       used 72315K, committed 72576K, reserved 1114112K
  class space    used 7991K, committed 8128K, reserved 1048576K
}
Event: 47.879 GC heap after
{Heap after GC invocations=35 (full 0):
 garbage-first heap   total 202752K, used 108728K [0x0000000751400000, 0x0000000800000000)
  region size 2048K, 4 young (8192K), 4 survivors (8192K)
 Metaspace       used 72315K, committed 72576K, reserved 1114112K
  class space    used 7991K, committed 8128K, reserved 1048576K
}
Event: 57.248 GC heap before
{Heap before GC invocations=36 (full 0):
 garbage-first heap   total 202752K, used 180408K [0x0000000751400000, 0x0000000800000000)
  region size 2048K, 39 young (79872K), 4 survivors (8192K)
 Metaspace       used 77001K, committed 77312K, reserved 1179648K
  class space    used 8337K, committed 8512K, reserved 1048576K
}
Event: 57.274 GC heap after
{Heap after GC invocations=37 (full 0):
 garbage-first heap   total 202752K, used 111310K [0x0000000751400000, 0x0000000800000000)
  region size 2048K, 3 young (6144K), 3 survivors (6144K)
 Metaspace       used 77001K, committed 77312K, reserved 1179648K
  class space    used 8337K, committed 8512K, reserved 1048576K
}
Event: 60.360 GC heap before
{Heap before GC invocations=37 (full 0):
 garbage-first heap   total 202752K, used 182990K [0x0000000751400000, 0x0000000800000000)
  region size 2048K, 38 young (77824K), 3 survivors (6144K)
 Metaspace       used 77528K, committed 77888K, reserved 1179648K
  class space    used 8375K, committed 8512K, reserved 1048576K
}
Event: 60.413 GC heap after
{Heap after GC invocations=38 (full 0):
 garbage-first heap   total 202752K, used 120132K [0x0000000751400000, 0x0000000800000000)
  region size 2048K, 5 young (10240K), 5 survivors (10240K)
 Metaspace       used 77528K, committed 77888K, reserved 1179648K
  class space    used 8375K, committed 8512K, reserved 1048576K
}
Event: 64.894 GC heap before
{Heap before GC invocations=38 (full 0):
 garbage-first heap   total 202752K, used 181572K [0x0000000751400000, 0x0000000800000000)
  region size 2048K, 35 young (71680K), 5 survivors (10240K)
 Metaspace       used 83634K, committed 84032K, reserved 1179648K
  class space    used 8911K, committed 9088K, reserved 1048576K
}
Event: 64.944 GC heap after
{Heap after GC invocations=39 (full 0):
 garbage-first heap   total 204800K, used 131503K [0x0000000751400000, 0x0000000800000000)
  region size 2048K, 5 young (10240K), 5 survivors (10240K)
 Metaspace       used 83634K, committed 84032K, reserved 1179648K
  class space    used 8911K, committed 9088K, reserved 1048576K
}
Event: 68.980 GC heap before
{Heap before GC invocations=40 (full 0):
 garbage-first heap   total 223232K, used 184751K [0x0000000751400000, 0x0000000800000000)
  region size 2048K, 31 young (63488K), 5 survivors (10240K)
 Metaspace       used 85248K, committed 85632K, reserved 1179648K
  class space    used 9037K, committed 9216K, reserved 1048576K
}
Event: 69.024 GC heap after
{Heap after GC invocations=41 (full 0):
 garbage-first heap   total 223232K, used 142715K [0x0000000751400000, 0x0000000800000000)
  region size 2048K, 4 young (8192K), 4 survivors (8192K)
 Metaspace       used 85248K, committed 85632K, reserved 1179648K
  class space    used 9037K, committed 9216K, reserved 1048576K
}
Event: 70.186 GC heap before
{Heap before GC invocations=41 (full 0):
 garbage-first heap   total 223232K, used 198011K [0x0000000751400000, 0x0000000800000000)
  region size 2048K, 31 young (63488K), 4 survivors (8192K)
 Metaspace       used 85528K, committed 85888K, reserved 1179648K
  class space    used 9058K, committed 9216K, reserved 1048576K
}
Event: 70.254 GC heap after
{Heap after GC invocations=42 (full 0):
 garbage-first heap   total 225280K, used 156672K [0x0000000751400000, 0x0000000800000000)
  region size 2048K, 4 young (8192K), 4 survivors (8192K)
 Metaspace       used 85528K, committed 85888K, reserved 1179648K
  class space    used 9058K, committed 9216K, reserved 1048576K
}
Event: 72.310 GC heap before
{Heap before GC invocations=42 (full 0):
 garbage-first heap   total 225280K, used 199680K [0x0000000751400000, 0x0000000800000000)
  region size 2048K, 25 young (51200K), 4 survivors (8192K)
 Metaspace       used 88730K, committed 89088K, reserved 1179648K
  class space    used 9366K, committed 9536K, reserved 1048576K
}
Event: 72.344 GC heap after
{Heap after GC invocations=43 (full 0):
 garbage-first heap   total 225280K, used 162304K [0x0000000751400000, 0x0000000800000000)
  region size 2048K, 2 young (4096K), 2 survivors (4096K)
 Metaspace       used 88730K, committed 89088K, reserved 1179648K
  class space    used 9366K, committed 9536K, reserved 1048576K
}

