# JRE version: OpenJDK Runtime Environment (21.0.9) (build 21.0.9+-14787801-b1163.94)
# Java VM: OpenJDK 64-Bit Server VM (21.0.9+-14787801-b1163.94, mixed mode, tiered, compressed oops, compressed class ptrs, g1 gc, windows-amd64)
GC Precious Log:
 CardTable entry size: 512
 Card Set container configuration: InlinePtr #cards 5 size 8 Array Of Cards #cards 12 size 40 Howl #buckets 4 coarsen threshold 1843 Howl Bitmap #cards 512 size 80 coarsen threshold 460 Card regions per heap region 1 cards per card region 2048
 CPUs: 4 total, 4 available
 Memory: 11178M
 Large Page Support: Disabled
 NUMA Support: Disabled
 Compressed Oops: Enabled (32-bit)
 Heap Region Size: 1M
 Heap Min Capacity: 8M
 Heap Initial Capacity: 176M
 Heap Max Capacity: 1G
 Pre-touch: Disabled
 Parallel Workers: 4
 Concurrent Workers: 1
 Concurrent Refinement Workers: 4
 Periodic GC: Disabled
Heap:
 garbage-first heap   total 112640K, used 66407K [0x00000000c0000000, 0x0000000100000000)
  region size 1024K, 5 young (5120K), 5 survivors (5120K)
 Metaspace       used 82062K, committed 83968K, reserved 344064K
  class space    used 11501K, committed 12416K, reserved 212992K
GC Heap History (20 events):
Event: 204.430 GC heap after
{Heap after GC invocations=29 (full 0):
 garbage-first heap   total 96256K, used 56117K [0x00000000c0000000, 0x0000000100000000)
  region size 1024K, 2 young (2048K), 2 survivors (2048K)
 Metaspace       used 81202K, committed 83200K, reserved 344064K
  class space    used 11360K, committed 12352K, reserved 212992K
}
Event: 254.199 GC heap before
{Heap before GC invocations=29 (full 0):
 garbage-first heap   total 96256K, used 89909K [0x00000000c0000000, 0x0000000100000000)
  region size 1024K, 35 young (35840K), 2 survivors (2048K)
 Metaspace       used 81223K, committed 83200K, reserved 344064K
  class space    used 11360K, committed 12352K, reserved 212992K
}
Event: 254.206 GC heap after
{Heap after GC invocations=30 (full 0):
 garbage-first heap   total 96256K, used 56277K [0x00000000c0000000, 0x0000000100000000)
  region size 1024K, 2 young (2048K), 2 survivors (2048K)
 Metaspace       used 81223K, committed 83200K, reserved 344064K
  class space    used 11360K, committed 12352K, reserved 212992K
}
Event: 296.052 GC heap before
{Heap before GC invocations=31 (full 0):
 garbage-first heap   total 96256K, used 90069K [0x00000000c0000000, 0x0000000100000000)
  region size 1024K, 35 young (35840K), 2 survivors (2048K)
 Metaspace       used 81280K, committed 83264K, reserved 344064K
  class space    used 11360K, committed 12352K, reserved 212992K
}
Event: 296.058 GC heap after
{Heap after GC invocations=32 (full 0):
 garbage-first heap   total 96256K, used 56458K [0x00000000c0000000, 0x0000000100000000)
  region size 1024K, 3 young (3072K), 3 survivors (3072K)
 Metaspace       used 81280K, committed 83264K, reserved 344064K
  class space    used 11360K, committed 12352K, reserved 212992K
}
Event: 296.908 GC heap before
{Heap before GC invocations=32 (full 0):
 garbage-first heap   total 96256K, used 89226K [0x00000000c0000000, 0x0000000100000000)
  region size 1024K, 35 young (35840K), 3 survivors (3072K)
 Metaspace       used 81940K, committed 83840K, reserved 344064K
  class space    used 11501K, committed 12416K, reserved 212992K
}
Event: 296.918 GC heap after
{Heap after GC invocations=33 (full 0):
 garbage-first heap   total 96256K, used 59107K [0x00000000c0000000, 0x0000000100000000)
  region size 1024K, 4 young (4096K), 4 survivors (4096K)
 Metaspace       used 81940K, committed 83840K, reserved 344064K
  class space    used 11501K, committed 12416K, reserved 212992K
}
Event: 297.179 GC heap before
{Heap before GC invocations=33 (full 0):
 garbage-first heap   total 96256K, used 79587K [0x00000000c0000000, 0x0000000100000000)
  region size 1024K, 26 young (26624K), 4 survivors (4096K)
 Metaspace       used 81979K, committed 83904K, reserved 344064K
  class space    used 11501K, committed 12416K, reserved 212992K
}
Event: 297.189 GC heap after
{Heap after GC invocations=34 (full 0):
 garbage-first heap   total 96256K, used 60411K [0x00000000c0000000, 0x0000000100000000)
  region size 1024K, 4 young (4096K), 4 survivors (4096K)
 Metaspace       used 81979K, committed 83904K, reserved 344064K
  class space    used 11501K, committed 12416K, reserved 212992K
}
Event: 297.613 GC heap before
{Heap before GC invocations=35 (full 0):
 garbage-first heap   total 104448K, used 89083K [0x00000000c0000000, 0x0000000100000000)
  region size 1024K, 32 young (32768K), 4 survivors (4096K)
 Metaspace       used 81989K, committed 83904K, reserved 344064K
  class space    used 11501K, committed 12416K, reserved 212992K
}
Event: 297.621 GC heap after
{Heap after GC invocations=36 (full 0):
 garbage-first heap   total 104448K, used 62609K [0x00000000c0000000, 0x0000000100000000)
  region size 1024K, 3 young (3072K), 3 survivors (3072K)
 Metaspace       used 81989K, committed 83904K, reserved 344064K
  class space    used 11501K, committed 12416K, reserved 212992K
}
Event: 297.861 GC heap before
{Heap before GC invocations=36 (full 0):
 garbage-first heap   total 104448K, used 96401K [0x00000000c0000000, 0x0000000100000000)
  region size 1024K, 37 young (37888K), 3 survivors (3072K)
 Metaspace       used 82000K, committed 83904K, reserved 344064K
  class space    used 11501K, committed 12416K, reserved 212992K
}
Event: 297.869 GC heap after
{Heap after GC invocations=37 (full 0):
 garbage-first heap   total 104448K, used 63726K [0x00000000c0000000, 0x0000000100000000)
  region size 1024K, 4 young (4096K), 4 survivors (4096K)
 Metaspace       used 82000K, committed 83904K, reserved 344064K
  class space    used 11501K, committed 12416K, reserved 212992K
}
Event: 298.125 GC heap before
{Heap before GC invocations=37 (full 0):
 garbage-first heap   total 104448K, used 97518K [0x00000000c0000000, 0x0000000100000000)
  region size 1024K, 37 young (37888K), 4 survivors (4096K)
 Metaspace       used 82009K, committed 83904K, reserved 344064K
  class space    used 11501K, committed 12416K, reserved 212992K
}
Event: 298.132 GC heap after
{Heap after GC invocations=38 (full 0):
 garbage-first heap   total 104448K, used 64745K [0x00000000c0000000, 0x0000000100000000)
  region size 1024K, 4 young (4096K), 4 survivors (4096K)
 Metaspace       used 82009K, committed 83904K, reserved 344064K
  class space    used 11501K, committed 12416K, reserved 212992K
}
Event: 298.263 GC heap before
{Heap before GC invocations=38 (full 0):
 garbage-first heap   total 104448K, used 96489K [0x00000000c0000000, 0x0000000100000000)
  region size 1024K, 36 young (36864K), 4 survivors (4096K)
 Metaspace       used 82014K, committed 83904K, reserved 344064K
  class space    used 11501K, committed 12416K, reserved 212992K
}
Event: 298.270 GC heap after
{Heap after GC invocations=39 (full 0):
 garbage-first heap   total 104448K, used 65717K [0x00000000c0000000, 0x0000000100000000)
  region size 1024K, 4 young (4096K), 4 survivors (4096K)
 Metaspace       used 82014K, committed 83904K, reserved 344064K
  class space    used 11501K, committed 12416K, reserved 212992K
}
Event: 298.578 GC heap before
{Heap before GC invocations=40 (full 0):
 garbage-first heap   total 111616K, used 96437K [0x00000000c0000000, 0x0000000100000000)
  region size 1024K, 35 young (35840K), 4 survivors (4096K)
 Metaspace       used 82024K, committed 83904K, reserved 344064K
  class space    used 11501K, committed 12416K, reserved 212992K
}
Event: 298.584 GC heap after
{Heap after GC invocations=41 (full 0):
 garbage-first heap   total 111616K, used 65471K [0x00000000c0000000, 0x0000000100000000)
  region size 1024K, 3 young (3072K), 3 survivors (3072K)
 Metaspace       used 82024K, committed 83904K, reserved 344064K
  class space    used 11501K, committed 12416K, reserved 212992K
}
Event: 298.980 GC heap before
{Heap before GC invocations=41 (full 0):
 garbage-first heap   total 111616K, used 104383K [0x00000000c0000000, 0x0000000100000000)
  region size 1024K, 43 young (44032K), 3 survivors (3072K)
 Metaspace       used 82062K, committed 83968K, reserved 344064K
  class space    used 11501K, committed 12416K, reserved 212992K
}

