# JRE version: OpenJDK Runtime Environment (21.0.9) (build 21.0.9+-14787801-b1163.94)
# Java VM: OpenJDK 64-Bit Server VM (21.0.9+-14787801-b1163.94, mixed mode, tiered, compressed oops, compressed class ptrs, g1 gc, windows-amd64)
GC Precious Log:
 CardTable entry size: 512
 Card Set container configuration: InlinePtr #cards 5 size 8 Array Of Cards #cards 12 size 40 Howl #buckets 4 coarsen threshold 1843 Howl Bitmap #cards 512 size 80 coarsen threshold 460 Card regions per heap region 1 cards per card region 2048
 CPUs: 4 total, 4 available
 Memory: 11178M
 Large Page Support: Disabled
 NUMA Support: Disabled
 Compressed Oops: Enabled (32-bit)
 Heap Region Size: 1M
 Heap Min Capacity: 8M
 Heap Initial Capacity: 176M
 Heap Max Capacity: 2G
 Pre-touch: Disabled
 Parallel Workers: 4
 Concurrent Workers: 1
 Concurrent Refinement Workers: 4
 Periodic GC: Disabled
Heap:
 garbage-first heap   total 283648K, used 129089K [0x0000000080000000, 0x0000000100000000)
  region size 1024K, 11 young (11264K), 11 survivors (11264K)
 Metaspace       used 117954K, committed 120384K, reserved 1179648K
  class space    used 16816K, committed 17984K, reserved 1048576K
GC Heap History (20 events):
Event: 53.918 GC heap after
{Heap after GC invocations=51 (full 0):
 garbage-first heap   total 199680K, used 119556K [0x0000000080000000, 0x0000000100000000)
  region size 1024K, 5 young (5120K), 5 survivors (5120K)
 Metaspace       used 112883K, committed 115200K, reserved 1179648K
  class space    used 16083K, committed 17216K, reserved 1048576K
}
Event: 54.846 GC heap before
{Heap before GC invocations=51 (full 0):
 garbage-first heap   total 199680K, used 183044K [0x0000000080000000, 0x0000000100000000)
  region size 1024K, 68 young (69632K), 5 survivors (5120K)
 Metaspace       used 113287K, committed 115648K, reserved 1179648K
  class space    used 16157K, committed 17280K, reserved 1048576K
}
Event: 54.864 GC heap after
{Heap after GC invocations=52 (full 0):
 garbage-first heap   total 199680K, used 119934K [0x0000000080000000, 0x0000000100000000)
  region size 1024K, 6 young (6144K), 6 survivors (6144K)
 Metaspace       used 113287K, committed 115648K, reserved 1179648K
  class space    used 16157K, committed 17280K, reserved 1048576K
}
Event: 55.412 GC heap before
{Heap before GC invocations=52 (full 0):
 garbage-first heap   total 199680K, used 184446K [0x0000000080000000, 0x0000000100000000)
  region size 1024K, 69 young (70656K), 6 survivors (6144K)
 Metaspace       used 113441K, committed 115776K, reserved 1179648K
  class space    used 16183K, committed 17280K, reserved 1048576K
}
Event: 55.431 GC heap after
{Heap after GC invocations=53 (full 0):
 garbage-first heap   total 283648K, used 120627K [0x0000000080000000, 0x0000000100000000)
  region size 1024K, 6 young (6144K), 6 survivors (6144K)
 Metaspace       used 113441K, committed 115776K, reserved 1179648K
  class space    used 16183K, committed 17280K, reserved 1048576K
}
Event: 56.378 GC heap before
{Heap before GC invocations=54 (full 0):
 garbage-first heap   total 283648K, used 253747K [0x0000000080000000, 0x0000000100000000)
  region size 1024K, 137 young (140288K), 6 survivors (6144K)
 Metaspace       used 113455K, committed 115776K, reserved 1179648K
  class space    used 16183K, committed 17280K, reserved 1048576K
}
Event: 56.392 GC heap after
{Heap after GC invocations=55 (full 0):
 garbage-first heap   total 283648K, used 122176K [0x0000000080000000, 0x0000000100000000)
  region size 1024K, 7 young (7168K), 7 survivors (7168K)
 Metaspace       used 113455K, committed 115776K, reserved 1179648K
  class space    used 16183K, committed 17280K, reserved 1048576K
}
Event: 57.263 GC heap before
{Heap before GC invocations=55 (full 0):
 garbage-first heap   total 283648K, used 261440K [0x0000000080000000, 0x0000000100000000)
  region size 1024K, 144 young (147456K), 7 survivors (7168K)
 Metaspace       used 113710K, committed 116032K, reserved 1179648K
  class space    used 16221K, committed 17344K, reserved 1048576K
}
Event: 57.282 GC heap after
{Heap after GC invocations=56 (full 0):
 garbage-first heap   total 283648K, used 122656K [0x0000000080000000, 0x0000000100000000)
  region size 1024K, 9 young (9216K), 9 survivors (9216K)
 Metaspace       used 113710K, committed 116032K, reserved 1179648K
  class space    used 16221K, committed 17344K, reserved 1048576K
}
Event: 57.977 GC heap before
{Heap before GC invocations=56 (full 0):
 garbage-first heap   total 283648K, used 262944K [0x0000000080000000, 0x0000000100000000)
  region size 1024K, 147 young (150528K), 9 survivors (9216K)
 Metaspace       used 113747K, committed 116096K, reserved 1179648K
  class space    used 16227K, committed 17344K, reserved 1048576K
}
Event: 58.012 GC heap after
{Heap after GC invocations=57 (full 0):
 garbage-first heap   total 283648K, used 122867K [0x0000000080000000, 0x0000000100000000)
  region size 1024K, 9 young (9216K), 9 survivors (9216K)
 Metaspace       used 113747K, committed 116096K, reserved 1179648K
  class space    used 16227K, committed 17344K, reserved 1048576K
}
Event: 60.113 GC heap before
{Heap before GC invocations=58 (full 0):
 garbage-first heap   total 283648K, used 266227K [0x0000000080000000, 0x0000000100000000)
  region size 1024K, 149 young (152576K), 9 survivors (9216K)
 Metaspace       used 116330K, committed 118720K, reserved 1179648K
  class space    used 16541K, committed 17664K, reserved 1048576K
}
Event: 60.138 GC heap after
{Heap after GC invocations=59 (full 0):
 garbage-first heap   total 283648K, used 126963K [0x0000000080000000, 0x0000000100000000)
  region size 1024K, 13 young (13312K), 13 survivors (13312K)
 Metaspace       used 116330K, committed 118720K, reserved 1179648K
  class space    used 16541K, committed 17664K, reserved 1048576K
}
Event: 61.325 GC heap before
{Heap before GC invocations=59 (full 0):
 garbage-first heap   total 283648K, used 265203K [0x0000000080000000, 0x0000000100000000)
  region size 1024K, 149 young (152576K), 13 survivors (13312K)
 Metaspace       used 117300K, committed 119680K, reserved 1179648K
  class space    used 16700K, committed 17856K, reserved 1048576K
}
Event: 61.350 GC heap after
{Heap after GC invocations=60 (full 0):
 garbage-first heap   total 283648K, used 126908K [0x0000000080000000, 0x0000000100000000)
  region size 1024K, 11 young (11264K), 11 survivors (11264K)
 Metaspace       used 117300K, committed 119680K, reserved 1179648K
  class space    used 16700K, committed 17856K, reserved 1048576K
}
Event: 62.590 GC heap before
{Heap before GC invocations=60 (full 0):
 garbage-first heap   total 283648K, used 267196K [0x0000000080000000, 0x0000000100000000)
  region size 1024K, 149 young (152576K), 11 survivors (11264K)
 Metaspace       used 117523K, committed 119872K, reserved 1179648K
  class space    used 16732K, committed 17856K, reserved 1048576K
}
Event: 62.616 GC heap after
{Heap after GC invocations=61 (full 0):
 garbage-first heap   total 283648K, used 128444K [0x0000000080000000, 0x0000000100000000)
  region size 1024K, 11 young (11264K), 11 survivors (11264K)
 Metaspace       used 117523K, committed 119872K, reserved 1179648K
  class space    used 16732K, committed 17856K, reserved 1048576K
}
Event: 63.884 GC heap before
{Heap before GC invocations=62 (full 0):
 garbage-first heap   total 283648K, used 267708K [0x0000000080000000, 0x0000000100000000)
  region size 1024K, 147 young (150528K), 11 survivors (11264K)
 Metaspace       used 117844K, committed 120256K, reserved 1179648K
  class space    used 16805K, committed 17984K, reserved 1048576K
}
Event: 63.903 GC heap after
{Heap after GC invocations=63 (full 0):
 garbage-first heap   total 283648K, used 128936K [0x0000000080000000, 0x0000000100000000)
  region size 1024K, 11 young (11264K), 11 survivors (11264K)
 Metaspace       used 117844K, committed 120256K, reserved 1179648K
  class space    used 16805K, committed 17984K, reserved 1048576K
}
Event: 64.615 GC heap before
{Heap before GC invocations=63 (full 0):
 garbage-first heap   total 283648K, used 268200K [0x0000000080000000, 0x0000000100000000)
  region size 1024K, 147 young (150528K), 11 survivors (11264K)
 Metaspace       used 117954K, committed 120384K, reserved 1179648K
  class space    used 16816K, committed 17984K, reserved 1048576K
}

