# JRE version: OpenJDK Runtime Environment (21.0.9) (build 21.0.9+-14787801-b1163.94)
# Java VM: OpenJDK 64-Bit Server VM (21.0.9+-14787801-b1163.94, mixed mode, tiered, compressed oops, compressed class ptrs, g1 gc, windows-amd64)
GC Precious Log:
 CardTable entry size: 512
 Card Set container configuration: InlinePtr #cards 5 size 8 Array Of Cards #cards 12 size 40 Howl #buckets 4 coarsen threshold 1843 Howl Bitmap #cards 512 size 80 coarsen threshold 460 Card regions per heap region 1 cards per card region 2048
 CPUs: 4 total, 4 available
 Memory: 11178M
 Large Page Support: Disabled
 NUMA Support: Disabled
 Compressed Oops: Enabled (32-bit)
 Heap Region Size: 1M
 Heap Min Capacity: 8M
 Heap Initial Capacity: 176M
 Heap Max Capacity: 2G
 Pre-touch: Disabled
 Parallel Workers: 4
 Concurrent Workers: 1
 Concurrent Refinement Workers: 4
 Periodic GC: Disabled
Heap:
 garbage-first heap   total 204800K, used 122035K [0x0000000080000000, 0x0000000100000000)
  region size 1024K, 6 young (6144K), 6 survivors (6144K)
 Metaspace       used 113377K, committed 115712K, reserved 1179648K
  class space    used 16175K, committed 17280K, reserved 1048576K
GC Heap History (20 events):
Event: 44.985 GC heap after
{Heap after GC invocations=42 (full 0):
 garbage-first heap   total 178176K, used 98788K [0x0000000080000000, 0x0000000100000000)
  region size 1024K, 3 young (3072K), 3 survivors (3072K)
 Metaspace       used 98492K, committed 100608K, reserved 1179648K
  class space    used 13969K, committed 15040K, reserved 1048576K
}
Event: 47.268 GC heap before
{Heap before GC invocations=43 (full 0):
 garbage-first heap   total 178176K, used 163300K [0x0000000080000000, 0x0000000100000000)
  region size 1024K, 66 young (67584K), 3 survivors (3072K)
 Metaspace       used 103008K, committed 105280K, reserved 1179648K
  class space    used 14681K, committed 15808K, reserved 1048576K
}
Event: 47.285 GC heap after
{Heap after GC invocations=44 (full 0):
 garbage-first heap   total 178176K, used 101207K [0x0000000080000000, 0x0000000100000000)
  region size 1024K, 5 young (5120K), 5 survivors (5120K)
 Metaspace       used 103008K, committed 105280K, reserved 1179648K
  class space    used 14681K, committed 15808K, reserved 1048576K
}
Event: 49.353 GC heap before
{Heap before GC invocations=44 (full 0):
 garbage-first heap   total 178176K, used 164695K [0x0000000080000000, 0x0000000100000000)
  region size 1024K, 67 young (68608K), 5 survivors (5120K)
 Metaspace       used 107083K, committed 109312K, reserved 1179648K
  class space    used 15300K, committed 16384K, reserved 1048576K
}
Event: 49.371 GC heap after
{Heap after GC invocations=45 (full 0):
 garbage-first heap   total 178176K, used 101859K [0x0000000080000000, 0x0000000100000000)
  region size 1024K, 6 young (6144K), 6 survivors (6144K)
 Metaspace       used 107083K, committed 109312K, reserved 1179648K
  class space    used 15300K, committed 16384K, reserved 1048576K
}
Event: 51.880 GC heap before
{Heap before GC invocations=45 (full 0):
 garbage-first heap   total 178176K, used 165347K [0x0000000080000000, 0x0000000100000000)
  region size 1024K, 68 young (69632K), 6 survivors (6144K)
 Metaspace       used 110595K, committed 112832K, reserved 1179648K
  class space    used 15744K, committed 16832K, reserved 1048576K
}
Event: 51.903 GC heap after
{Heap after GC invocations=46 (full 0):
 garbage-first heap   total 178176K, used 108271K [0x0000000080000000, 0x0000000100000000)
  region size 1024K, 9 young (9216K), 9 survivors (9216K)
 Metaspace       used 110595K, committed 112832K, reserved 1179648K
  class space    used 15744K, committed 16832K, reserved 1048576K
}
Event: 54.788 GC heap before
{Heap before GC invocations=47 (full 0):
 garbage-first heap   total 181248K, used 165615K [0x0000000080000000, 0x0000000100000000)
  region size 1024K, 65 young (66560K), 9 survivors (9216K)
 Metaspace       used 112795K, committed 115072K, reserved 1179648K
  class space    used 16073K, committed 17216K, reserved 1048576K
}
Event: 54.822 GC heap after
{Heap after GC invocations=48 (full 0):
 garbage-first heap   total 184320K, used 116732K [0x0000000080000000, 0x0000000100000000)
  region size 1024K, 9 young (9216K), 9 survivors (9216K)
 Metaspace       used 112795K, committed 115072K, reserved 1179648K
  class space    used 16073K, committed 17216K, reserved 1048576K
}
Event: 55.343 GC heap before
{Heap before GC invocations=48 (full 0):
 garbage-first heap   total 184320K, used 167932K [0x0000000080000000, 0x0000000100000000)
  region size 1024K, 59 young (60416K), 9 survivors (9216K)
 Metaspace       used 112798K, committed 115072K, reserved 1179648K
  class space    used 16073K, committed 17216K, reserved 1048576K
}
Event: 55.368 GC heap after
{Heap after GC invocations=49 (full 0):
 garbage-first heap   total 184320K, used 119808K [0x0000000080000000, 0x0000000100000000)
  region size 1024K, 4 young (4096K), 4 survivors (4096K)
 Metaspace       used 112798K, committed 115072K, reserved 1179648K
  class space    used 16073K, committed 17216K, reserved 1048576K
}
Event: 56.008 GC heap before
{Heap before GC invocations=49 (full 0):
 garbage-first heap   total 184320K, used 168960K [0x0000000080000000, 0x0000000100000000)
  region size 1024K, 53 young (54272K), 4 survivors (4096K)
 Metaspace       used 112800K, committed 115072K, reserved 1179648K
  class space    used 16074K, committed 17216K, reserved 1048576K
}
Event: 56.017 GC heap after
{Heap after GC invocations=50 (full 0):
 garbage-first heap   total 184320K, used 120043K [0x0000000080000000, 0x0000000100000000)
  region size 1024K, 5 young (5120K), 5 survivors (5120K)
 Metaspace       used 112800K, committed 115072K, reserved 1179648K
  class space    used 16074K, committed 17216K, reserved 1048576K
}
Event: 56.593 GC heap before
{Heap before GC invocations=51 (full 0):
 garbage-first heap   total 201728K, used 170219K [0x0000000080000000, 0x0000000100000000)
  region size 1024K, 54 young (55296K), 5 survivors (5120K)
 Metaspace       used 112803K, committed 115072K, reserved 1179648K
  class space    used 16074K, committed 17216K, reserved 1048576K
}
Event: 56.602 GC heap after
{Heap after GC invocations=52 (full 0):
 garbage-first heap   total 201728K, used 120688K [0x0000000080000000, 0x0000000100000000)
  region size 1024K, 4 young (4096K), 4 survivors (4096K)
 Metaspace       used 112803K, committed 115072K, reserved 1179648K
  class space    used 16074K, committed 17216K, reserved 1048576K
}
Event: 57.767 GC heap before
{Heap before GC invocations=52 (full 0):
 garbage-first heap   total 201728K, used 184176K [0x0000000080000000, 0x0000000100000000)
  region size 1024K, 67 young (68608K), 4 survivors (4096K)
 Metaspace       used 113223K, committed 115520K, reserved 1179648K
  class space    used 16149K, committed 17280K, reserved 1048576K
}
Event: 57.781 GC heap after
{Heap after GC invocations=53 (full 0):
 garbage-first heap   total 201728K, used 120832K [0x0000000080000000, 0x0000000100000000)
  region size 1024K, 6 young (6144K), 6 survivors (6144K)
 Metaspace       used 113223K, committed 115520K, reserved 1179648K
  class space    used 16149K, committed 17280K, reserved 1048576K
}
Event: 58.313 GC heap before
{Heap before GC invocations=53 (full 0):
 garbage-first heap   total 201728K, used 186368K [0x0000000080000000, 0x0000000100000000)
  region size 1024K, 70 young (71680K), 6 survivors (6144K)
 Metaspace       used 113356K, committed 115648K, reserved 1179648K
  class space    used 16173K, committed 17280K, reserved 1048576K
}
Event: 58.327 GC heap after
{Heap after GC invocations=54 (full 0):
 garbage-first heap   total 201728K, used 121297K [0x0000000080000000, 0x0000000100000000)
  region size 1024K, 6 young (6144K), 6 survivors (6144K)
 Metaspace       used 113356K, committed 115648K, reserved 1179648K
  class space    used 16173K, committed 17280K, reserved 1048576K
}
Event: 58.914 GC heap before
{Heap before GC invocations=54 (full 0):
 garbage-first heap   total 203776K, used 187857K [0x0000000080000000, 0x0000000100000000)
  region size 1024K, 71 young (72704K), 6 survivors (6144K)
 Metaspace       used 113377K, committed 115712K, reserved 1179648K
  class space    used 16175K, committed 17280K, reserved 1048576K
}

