# JRE version: OpenJDK Runtime Environment (21.0.9) (build 21.0.9+-14787801-b1163.94)
# Java VM: OpenJDK 64-Bit Server VM (21.0.9+-14787801-b1163.94, mixed mode, tiered, compressed oops, compressed class ptrs, g1 gc, windows-amd64)
GC Precious Log:
 CardTable entry size: 512
 Card Set container configuration: InlinePtr #cards 5 size 8 Array Of Cards #cards 12 size 40 Howl #buckets 4 coarsen threshold 1843 Howl Bitmap #cards 512 size 80 coarsen threshold 460 Card regions per heap region 1 cards per card region 2048
 CPUs: 4 total, 4 available
 Memory: 11178M
 Large Page Support: Disabled
 NUMA Support: Disabled
 Compressed Oops: Enabled (32-bit)
 Heap Region Size: 1M
 Heap Min Capacity: 8M
 Heap Initial Capacity: 176M
 Heap Max Capacity: 1G
 Pre-touch: Disabled
 Parallel Workers: 4
 Concurrent Workers: 1
 Concurrent Refinement Workers: 4
 Periodic GC: Disabled
Heap:
 garbage-first heap   total 395264K, used 213870K [0x00000000c0000000, 0x0000000100000000)
  region size 1024K, 35 young (35840K), 17 survivors (17408K)
 Metaspace       used 211567K, committed 214144K, reserved 409600K
  class space    used 27276K, committed 28480K, reserved 212992K
GC Heap History (20 events):
Event: 150.493 GC heap before
{Heap before GC invocations=110 (full 0):
 garbage-first heap   total 391168K, used 361931K [0x00000000c0000000, 0x0000000100000000)
  region size 1024K, 133 young (136192K), 8 survivors (8192K)
 Metaspace       used 203390K, committed 205952K, reserved 409600K
  class space    used 26545K, committed 27776K, reserved 212992K
}
Event: 150.521 GC heap after
{Heap after GC invocations=111 (full 0):
 garbage-first heap   total 391168K, used 230859K [0x00000000c0000000, 0x0000000100000000)
  region size 1024K, 17 young (17408K), 17 survivors (17408K)
 Metaspace       used 203390K, committed 205952K, reserved 409600K
  class space    used 26545K, committed 27776K, reserved 212992K
}
Event: 153.582 GC heap before
{Heap before GC invocations=111 (full 0):
 garbage-first heap   total 391168K, used 349643K [0x00000000c0000000, 0x0000000100000000)
  region size 1024K, 134 young (137216K), 17 survivors (17408K)
 Metaspace       used 204517K, committed 207040K, reserved 409600K
  class space    used 26635K, committed 27840K, reserved 212992K
}
Event: 153.604 GC heap after
{Heap after GC invocations=112 (full 0):
 garbage-first heap   total 391168K, used 218357K [0x00000000c0000000, 0x0000000100000000)
  region size 1024K, 3 young (3072K), 3 survivors (3072K)
 Metaspace       used 204517K, committed 207040K, reserved 409600K
  class space    used 26635K, committed 27840K, reserved 212992K
}
Event: 157.714 GC heap before
{Heap before GC invocations=112 (full 0):
 garbage-first heap   total 391168K, used 345333K [0x00000000c0000000, 0x0000000100000000)
  region size 1024K, 129 young (132096K), 3 survivors (3072K)
 Metaspace       used 204681K, committed 207232K, reserved 409600K
  class space    used 26638K, committed 27840K, reserved 212992K
}
Event: 157.727 GC heap after
{Heap after GC invocations=113 (full 0):
 garbage-first heap   total 391168K, used 218745K [0x00000000c0000000, 0x0000000100000000)
  region size 1024K, 3 young (3072K), 3 survivors (3072K)
 Metaspace       used 204681K, committed 207232K, reserved 409600K
  class space    used 26638K, committed 27840K, reserved 212992K
}
Event: 160.230 GC heap before
{Heap before GC invocations=114 (full 0):
 garbage-first heap   total 391168K, used 335481K [0x00000000c0000000, 0x0000000100000000)
  region size 1024K, 138 young (141312K), 3 survivors (3072K)
 Metaspace       used 205673K, committed 208192K, reserved 409600K
  class space    used 26752K, committed 27968K, reserved 212992K
}
Event: 160.244 GC heap after
{Heap after GC invocations=115 (full 0):
 garbage-first heap   total 391168K, used 197673K [0x00000000c0000000, 0x0000000100000000)
  region size 1024K, 5 young (5120K), 5 survivors (5120K)
 Metaspace       used 205673K, committed 208192K, reserved 409600K
  class space    used 26752K, committed 27968K, reserved 212992K
}
Event: 162.297 GC heap before
{Heap before GC invocations=115 (full 0):
 garbage-first heap   total 391168K, used 360489K [0x00000000c0000000, 0x0000000100000000)
  region size 1024K, 165 young (168960K), 5 survivors (5120K)
 Metaspace       used 205786K, committed 208320K, reserved 409600K
  class space    used 26759K, committed 27968K, reserved 212992K
}
Event: 162.312 GC heap after
{Heap after GC invocations=116 (full 0):
 garbage-first heap   total 391168K, used 185544K [0x00000000c0000000, 0x0000000100000000)
  region size 1024K, 6 young (6144K), 6 survivors (6144K)
 Metaspace       used 205786K, committed 208320K, reserved 409600K
  class space    used 26759K, committed 27968K, reserved 212992K
}
Event: 166.029 GC heap before
{Heap before GC invocations=116 (full 0):
 garbage-first heap   total 391168K, used 362696K [0x00000000c0000000, 0x0000000100000000)
  region size 1024K, 180 young (184320K), 6 survivors (6144K)
 Metaspace       used 207618K, committed 210240K, reserved 409600K
  class space    used 26966K, committed 28224K, reserved 212992K
}
Event: 166.051 GC heap after
{Heap after GC invocations=117 (full 0):
 garbage-first heap   total 391168K, used 189120K [0x00000000c0000000, 0x0000000100000000)
  region size 1024K, 10 young (10240K), 10 survivors (10240K)
 Metaspace       used 207618K, committed 210240K, reserved 409600K
  class space    used 26966K, committed 28224K, reserved 212992K
}
Event: 167.571 GC heap before
{Heap before GC invocations=118 (full 0):
 garbage-first heap   total 391168K, used 366272K [0x00000000c0000000, 0x0000000100000000)
  region size 1024K, 184 young (188416K), 10 survivors (10240K)
 Metaspace       used 208008K, committed 210560K, reserved 409600K
  class space    used 27010K, committed 28224K, reserved 212992K
}
Event: 167.593 GC heap after
{Heap after GC invocations=119 (full 0):
 garbage-first heap   total 391168K, used 190664K [0x00000000c0000000, 0x0000000100000000)
  region size 1024K, 11 young (11264K), 11 survivors (11264K)
 Metaspace       used 208008K, committed 210560K, reserved 409600K
  class space    used 27010K, committed 28224K, reserved 212992K
}
Event: 169.010 GC heap before
{Heap before GC invocations=119 (full 0):
 garbage-first heap   total 391168K, used 368840K [0x00000000c0000000, 0x0000000100000000)
  region size 1024K, 186 young (190464K), 11 survivors (11264K)
 Metaspace       used 208029K, committed 210560K, reserved 409600K
  class space    used 27012K, committed 28224K, reserved 212992K
}
Event: 169.040 GC heap after
{Heap after GC invocations=120 (full 0):
 garbage-first heap   total 391168K, used 185165K [0x00000000c0000000, 0x0000000100000000)
  region size 1024K, 11 young (11264K), 11 survivors (11264K)
 Metaspace       used 208029K, committed 210560K, reserved 409600K
  class space    used 27012K, committed 28224K, reserved 212992K
}
Event: 169.654 GC heap before
{Heap before GC invocations=120 (full 0):
 garbage-first heap   total 391168K, used 237389K [0x00000000c0000000, 0x0000000100000000)
  region size 1024K, 64 young (65536K), 11 survivors (11264K)
 Metaspace       used 208616K, committed 211200K, reserved 409600K
  class space    used 27090K, committed 28352K, reserved 212992K
}
Event: 169.675 GC heap after
{Heap after GC invocations=121 (full 0):
 garbage-first heap   total 391168K, used 185163K [0x00000000c0000000, 0x0000000100000000)
  region size 1024K, 11 young (11264K), 11 survivors (11264K)
 Metaspace       used 208616K, committed 211200K, reserved 409600K
  class space    used 27090K, committed 28352K, reserved 212992K
}
Event: 171.478 GC heap before
{Heap before GC invocations=122 (full 0):
 garbage-first heap   total 391168K, used 375627K [0x00000000c0000000, 0x0000000100000000)
  region size 1024K, 191 young (195584K), 11 survivors (11264K)
 Metaspace       used 211566K, committed 214080K, reserved 409600K
  class space    used 27276K, committed 28480K, reserved 212992K
}
Event: 171.510 GC heap after
{Heap after GC invocations=123 (full 0):
 garbage-first heap   total 395264K, used 196462K [0x00000000c0000000, 0x0000000100000000)
  region size 1024K, 17 young (17408K), 17 survivors (17408K)
 Metaspace       used 211566K, committed 214080K, reserved 409600K
  class space    used 27276K, committed 28480K, reserved 212992K
}

