# JRE version: OpenJDK Runtime Environment (21.0.9) (build 21.0.9+-14787801-b1163.94)
# Java VM: OpenJDK 64-Bit Server VM (21.0.9+-14787801-b1163.94, mixed mode, tiered, compressed oops, compressed class ptrs, g1 gc, windows-amd64)
GC Precious Log:
 CardTable entry size: 512
 Card Set container configuration: InlinePtr #cards 5 size 8 Array Of Cards #cards 12 size 40 Howl #buckets 4 coarsen threshold 1843 Howl Bitmap #cards 512 size 80 coarsen threshold 460 Card regions per heap region 1 cards per card region 2048
 CPUs: 4 total, 4 available
 Memory: 11178M
 Large Page Support: Disabled
 NUMA Support: Disabled
 Compressed Oops: Enabled (32-bit)
 Heap Region Size: 1M
 Heap Min Capacity: 8M
 Heap Initial Capacity: 176M
 Heap Max Capacity: 2G
 Pre-touch: Disabled
 Parallel Workers: 4
 Concurrent Workers: 1
 Concurrent Refinement Workers: 4
 Periodic GC: Disabled
Heap:
 garbage-first heap   total 444416K, used 380752K [0x0000000080000000, 0x0000000100000000)
  region size 1024K, 173 young (177152K), 22 survivors (22528K)
 Metaspace       used 175197K, committed 179456K, reserved 1245184K
  class space    used 22967K, committed 24960K, reserved 1048576K
GC Heap History (20 events):
Event: 2424.046 GC heap before
{Heap before GC invocations=133 (full 0):
 garbage-first heap   total 405504K, used 381762K [0x0000000080000000, 0x0000000100000000)
  region size 1024K, 204 young (208896K), 2 survivors (2048K)
 Metaspace       used 174231K, committed 179520K, reserved 1245184K
  class space    used 22951K, committed 24960K, reserved 1048576K
}
Event: 2424.073 GC heap after
{Heap after GC invocations=134 (full 0):
 garbage-first heap   total 405504K, used 182344K [0x0000000080000000, 0x0000000100000000)
  region size 1024K, 8 young (8192K), 8 survivors (8192K)
 Metaspace       used 174231K, committed 179520K, reserved 1245184K
  class space    used 22951K, committed 24960K, reserved 1048576K
}
Event: 2442.639 GC heap before
{Heap before GC invocations=134 (full 0):
 garbage-first heap   total 405504K, used 400456K [0x0000000080000000, 0x0000000100000000)
  region size 1024K, 204 young (208896K), 8 survivors (8192K)
 Metaspace       used 174519K, committed 179520K, reserved 1245184K
  class space    used 22951K, committed 24960K, reserved 1048576K
}
Event: 2442.703 GC heap after
{Heap after GC invocations=135 (full 0):
 garbage-first heap   total 428032K, used 173301K [0x0000000080000000, 0x0000000100000000)
  region size 1024K, 12 young (12288K), 12 survivors (12288K)
 Metaspace       used 174519K, committed 179520K, reserved 1245184K
  class space    used 22951K, committed 24960K, reserved 1048576K
}
Event: 2652.135 GC heap before
{Heap before GC invocations=135 (full 0):
 garbage-first heap   total 428032K, used 404725K [0x0000000080000000, 0x0000000100000000)
  region size 1024K, 238 young (243712K), 12 survivors (12288K)
 Metaspace       used 174554K, committed 179520K, reserved 1245184K
  class space    used 22951K, committed 24960K, reserved 1048576K
}
Event: 2652.163 GC heap after
{Heap after GC invocations=136 (full 0):
 garbage-first heap   total 428032K, used 172511K [0x0000000080000000, 0x0000000100000000)
  region size 1024K, 11 young (11264K), 11 survivors (11264K)
 Metaspace       used 174554K, committed 179520K, reserved 1245184K
  class space    used 22951K, committed 24960K, reserved 1048576K
}
Event: 2872.182 GC heap before
{Heap before GC invocations=137 (full 0):
 garbage-first heap   total 428032K, used 404959K [0x0000000080000000, 0x0000000100000000)
  region size 1024K, 238 young (243712K), 11 survivors (11264K)
 Metaspace       used 174559K, committed 179584K, reserved 1245184K
  class space    used 22951K, committed 24960K, reserved 1048576K
}
Event: 2872.207 GC heap after
{Heap after GC invocations=138 (full 0):
 garbage-first heap   total 428032K, used 173023K [0x0000000080000000, 0x0000000100000000)
  region size 1024K, 12 young (12288K), 12 survivors (12288K)
 Metaspace       used 174559K, committed 179584K, reserved 1245184K
  class space    used 22951K, committed 24960K, reserved 1048576K
}
Event: 2967.869 GC heap before
{Heap before GC invocations=138 (full 0):
 garbage-first heap   total 428032K, used 406495K [0x0000000080000000, 0x0000000100000000)
  region size 1024K, 238 young (243712K), 12 survivors (12288K)
 Metaspace       used 174827K, committed 179584K, reserved 1245184K
  class space    used 22958K, committed 24960K, reserved 1048576K
}
Event: 2967.956 GC heap after
{Heap after GC invocations=139 (full 0):
 garbage-first heap   total 444416K, used 189336K [0x0000000080000000, 0x0000000100000000)
  region size 1024K, 30 young (30720K), 30 survivors (30720K)
 Metaspace       used 174827K, committed 179584K, reserved 1245184K
  class space    used 22958K, committed 24960K, reserved 1048576K
}
Event: 2968.439 GC heap before
{Heap before GC invocations=139 (full 0):
 garbage-first heap   total 444416K, used 224152K [0x0000000080000000, 0x0000000100000000)
  region size 1024K, 65 young (66560K), 30 survivors (30720K)
 Metaspace       used 174871K, committed 179584K, reserved 1245184K
  class space    used 22958K, committed 24960K, reserved 1048576K
}
Event: 2968.518 GC heap after
{Heap after GC invocations=140 (full 0):
 garbage-first heap   total 444416K, used 205312K [0x0000000080000000, 0x0000000100000000)
  region size 1024K, 16 young (16384K), 16 survivors (16384K)
 Metaspace       used 174871K, committed 179584K, reserved 1245184K
  class space    used 22958K, committed 24960K, reserved 1048576K
}
Event: 2978.554 GC heap before
{Heap before GC invocations=141 (full 0):
 garbage-first heap   total 444416K, used 368128K [0x0000000080000000, 0x0000000100000000)
  region size 1024K, 144 young (147456K), 16 survivors (16384K)
 Metaspace       used 174992K, committed 179584K, reserved 1245184K
  class space    used 22958K, committed 24960K, reserved 1048576K
}
Event: 2978.580 GC heap after
{Heap after GC invocations=142 (full 0):
 garbage-first heap   total 444416K, used 204800K [0x0000000080000000, 0x0000000100000000)
  region size 1024K, 7 young (7168K), 7 survivors (7168K)
 Metaspace       used 174992K, committed 179584K, reserved 1245184K
  class space    used 22958K, committed 24960K, reserved 1048576K
}
Event: 3062.218 GC heap before
{Heap before GC invocations=142 (full 0):
 garbage-first heap   total 444416K, used 348160K [0x0000000080000000, 0x0000000100000000)
  region size 1024K, 147 young (150528K), 7 survivors (7168K)
 Metaspace       used 175010K, committed 179584K, reserved 1245184K
  class space    used 22958K, committed 24960K, reserved 1048576K
}
Event: 3062.242 GC heap after
{Heap after GC invocations=143 (full 0):
 garbage-first heap   total 444416K, used 199168K [0x0000000080000000, 0x0000000100000000)
  region size 1024K, 3 young (3072K), 3 survivors (3072K)
 Metaspace       used 175010K, committed 179584K, reserved 1245184K
  class space    used 22958K, committed 24960K, reserved 1048576K
}
Event: 3222.139 GC heap before
{Heap before GC invocations=143 (full 0):
 garbage-first heap   total 444416K, used 358912K [0x0000000080000000, 0x0000000100000000)
  region size 1024K, 159 young (162816K), 3 survivors (3072K)
 Metaspace       used 175010K, committed 179648K, reserved 1245184K
  class space    used 22958K, committed 24960K, reserved 1048576K
}
Event: 3222.148 GC heap after
{Heap after GC invocations=144 (full 0):
 garbage-first heap   total 444416K, used 199168K [0x0000000080000000, 0x0000000100000000)
  region size 1024K, 3 young (3072K), 3 survivors (3072K)
 Metaspace       used 175010K, committed 179648K, reserved 1245184K
  class space    used 22958K, committed 24960K, reserved 1048576K
}
Event: 3241.926 GC heap before
{Heap before GC invocations=145 (full 0):
 garbage-first heap   total 444416K, used 359936K [0x0000000080000000, 0x0000000100000000)
  region size 1024K, 171 young (175104K), 3 survivors (3072K)
 Metaspace       used 174950K, committed 179456K, reserved 1245184K
  class space    used 22938K, committed 24960K, reserved 1048576K
}
Event: 3241.978 GC heap after
{Heap after GC invocations=146 (full 0):
 garbage-first heap   total 444416K, used 212816K [0x0000000080000000, 0x0000000100000000)
  region size 1024K, 22 young (22528K), 22 survivors (22528K)
 Metaspace       used 174950K, committed 179456K, reserved 1245184K
  class space    used 22938K, committed 24960K, reserved 1048576K
}

