# JRE version: OpenJDK Runtime Environment (21.0.9) (build 21.0.9+-14787801-b1163.94)
# Java VM: OpenJDK 64-Bit Server VM (21.0.9+-14787801-b1163.94, mixed mode, tiered, compressed oops, compressed class ptrs, g1 gc, windows-amd64)
GC Precious Log:
 CardTable entry size: 512
 Card Set container configuration: InlinePtr #cards 4 size 8 Array Of Cards #cards 16 size 48 Howl #buckets 8 coarsen threshold 3686 Howl Bitmap #cards 512 size 80 coarsen threshold 460 Card regions per heap region 1 cards per card region 4096
 CPUs: 4 total, 4 available
 Memory: 11178M
 Large Page Support: Disabled
 NUMA Support: Disabled
 Compressed Oops: Enabled (Zero based)
 Heap Region Size: 2M
 Heap Min Capacity: 8M
 Heap Initial Capacity: 176M
 Heap Max Capacity: 2796M
 Pre-touch: Disabled
 Parallel Workers: 4
 Concurrent Workers: 1
 Concurrent Refinement Workers: 4
 Periodic GC: Disabled
Heap:
 garbage-first heap   total 196608K, used 123896K [0x0000000751400000, 0x0000000800000000)
  region size 2048K, 12 young (24576K), 4 survivors (8192K)
 Metaspace       used 76446K, committed 76736K, reserved 1179648K
  class space    used 8321K, committed 8448K, reserved 1048576K
GC Heap History (20 events):
Event: 22.234 GC heap before
{Heap before GC invocations=21 (full 0):
 garbage-first heap   total 108544K, used 94208K [0x0000000751400000, 0x0000000800000000)
  region size 2048K, 14 young (28672K), 2 survivors (4096K)
 Metaspace       used 66612K, committed 66944K, reserved 1114112K
  class space    used 7785K, committed 7936K, reserved 1048576K
}
Event: 22.261 GC heap after
{Heap after GC invocations=22 (full 0):
 garbage-first heap   total 133120K, used 74492K [0x0000000751400000, 0x0000000800000000)
  region size 2048K, 2 young (4096K), 2 survivors (4096K)
 Metaspace       used 66612K, committed 66944K, reserved 1114112K
  class space    used 7785K, committed 7936K, reserved 1048576K
}
Event: 25.209 GC heap before
{Heap before GC invocations=23 (full 0):
 garbage-first heap   total 133120K, used 109308K [0x0000000751400000, 0x0000000800000000)
  region size 2048K, 19 young (38912K), 2 survivors (4096K)
 Metaspace       used 68562K, committed 68928K, reserved 1114112K
  class space    used 7886K, committed 8064K, reserved 1048576K
}
Event: 25.234 GC heap after
{Heap after GC invocations=24 (full 0):
 garbage-first heap   total 133120K, used 80911K [0x0000000751400000, 0x0000000800000000)
  region size 2048K, 3 young (6144K), 3 survivors (6144K)
 Metaspace       used 68562K, committed 68928K, reserved 1114112K
  class space    used 7886K, committed 8064K, reserved 1048576K
}
Event: 27.328 GC heap before
{Heap before GC invocations=24 (full 0):
 garbage-first heap   total 133120K, used 113679K [0x0000000751400000, 0x0000000800000000)
  region size 2048K, 19 young (38912K), 3 survivors (6144K)
 Metaspace       used 69459K, committed 69824K, reserved 1114112K
  class space    used 7921K, committed 8064K, reserved 1048576K
}
Event: 27.357 GC heap after
{Heap after GC invocations=25 (full 0):
 garbage-first heap   total 133120K, used 83638K [0x0000000751400000, 0x0000000800000000)
  region size 2048K, 2 young (4096K), 2 survivors (4096K)
 Metaspace       used 69459K, committed 69824K, reserved 1114112K
  class space    used 7921K, committed 8064K, reserved 1048576K
}
Event: 29.659 GC heap before
{Heap before GC invocations=25 (full 0):
 garbage-first heap   total 133120K, used 116406K [0x0000000751400000, 0x0000000800000000)
  region size 2048K, 18 young (36864K), 2 survivors (4096K)
 Metaspace       used 70015K, committed 70400K, reserved 1114112K
  class space    used 7944K, committed 8128K, reserved 1048576K
}
Event: 29.678 GC heap after
{Heap after GC invocations=26 (full 0):
 garbage-first heap   total 133120K, used 87034K [0x0000000751400000, 0x0000000800000000)
  region size 2048K, 2 young (4096K), 2 survivors (4096K)
 Metaspace       used 70015K, committed 70400K, reserved 1114112K
  class space    used 7944K, committed 8128K, reserved 1048576K
}
Event: 31.642 GC heap before
{Heap before GC invocations=27 (full 0):
 garbage-first heap   total 147456K, used 117754K [0x0000000751400000, 0x0000000800000000)
  region size 2048K, 17 young (34816K), 2 survivors (4096K)
 Metaspace       used 70504K, committed 70848K, reserved 1114112K
  class space    used 7954K, committed 8128K, reserved 1048576K
}
Event: 31.662 GC heap after
{Heap after GC invocations=28 (full 0):
 garbage-first heap   total 147456K, used 90394K [0x0000000751400000, 0x0000000800000000)
  region size 2048K, 3 young (6144K), 3 survivors (6144K)
 Metaspace       used 70504K, committed 70848K, reserved 1114112K
  class space    used 7954K, committed 8128K, reserved 1048576K
}
Event: 34.138 GC heap before
{Heap before GC invocations=28 (full 0):
 garbage-first heap   total 147456K, used 129306K [0x0000000751400000, 0x0000000800000000)
  region size 2048K, 22 young (45056K), 3 survivors (6144K)
 Metaspace       used 70905K, committed 71232K, reserved 1114112K
  class space    used 7966K, committed 8128K, reserved 1048576K
}
Event: 34.168 GC heap after
{Heap after GC invocations=29 (full 0):
 garbage-first heap   total 147456K, used 94189K [0x0000000751400000, 0x0000000800000000)
  region size 2048K, 2 young (4096K), 2 survivors (4096K)
 Metaspace       used 70905K, committed 71232K, reserved 1114112K
  class space    used 7966K, committed 8128K, reserved 1048576K
}
Event: 36.343 GC heap before
{Heap before GC invocations=29 (full 0):
 garbage-first heap   total 147456K, used 133101K [0x0000000751400000, 0x0000000800000000)
  region size 2048K, 21 young (43008K), 2 survivors (4096K)
 Metaspace       used 71262K, committed 71616K, reserved 1114112K
  class space    used 7968K, committed 8128K, reserved 1048576K
}
Event: 36.362 GC heap after
{Heap after GC invocations=30 (full 0):
 garbage-first heap   total 147456K, used 98082K [0x0000000751400000, 0x0000000800000000)
  region size 2048K, 2 young (4096K), 2 survivors (4096K)
 Metaspace       used 71262K, committed 71616K, reserved 1114112K
  class space    used 7968K, committed 8128K, reserved 1048576K
}
Event: 38.828 GC heap before
{Heap before GC invocations=31 (full 0):
 garbage-first heap   total 163840K, used 132898K [0x0000000751400000, 0x0000000800000000)
  region size 2048K, 19 young (38912K), 2 survivors (4096K)
 Metaspace       used 71708K, committed 72000K, reserved 1114112K
  class space    used 7981K, committed 8128K, reserved 1048576K
}
Event: 38.849 GC heap after
{Heap after GC invocations=32 (full 0):
 garbage-first heap   total 163840K, used 101924K [0x0000000751400000, 0x0000000800000000)
  region size 2048K, 3 young (6144K), 3 survivors (6144K)
 Metaspace       used 71708K, committed 72000K, reserved 1114112K
  class space    used 7981K, committed 8128K, reserved 1048576K
}
Event: 41.168 GC heap before
{Heap before GC invocations=32 (full 0):
 garbage-first heap   total 163840K, used 146980K [0x0000000751400000, 0x0000000800000000)
  region size 2048K, 25 young (51200K), 3 survivors (6144K)
 Metaspace       used 72101K, committed 72384K, reserved 1114112K
  class space    used 7987K, committed 8128K, reserved 1048576K
}
Event: 41.194 GC heap after
{Heap after GC invocations=33 (full 0):
 garbage-first heap   total 196608K, used 105362K [0x0000000751400000, 0x0000000800000000)
  region size 2048K, 4 young (8192K), 4 survivors (8192K)
 Metaspace       used 72101K, committed 72384K, reserved 1114112K
  class space    used 7987K, committed 8128K, reserved 1048576K
}
Event: 46.213 GC heap before
{Heap before GC invocations=33 (full 0):
 garbage-first heap   total 196608K, used 174994K [0x0000000751400000, 0x0000000800000000)
  region size 2048K, 38 young (77824K), 4 survivors (8192K)
 Metaspace       used 75979K, committed 76288K, reserved 1179648K
  class space    used 8317K, committed 8448K, reserved 1048576K
}
Event: 46.241 GC heap after
{Heap after GC invocations=34 (full 0):
 garbage-first heap   total 196608K, used 109560K [0x0000000751400000, 0x0000000800000000)
  region size 2048K, 4 young (8192K), 4 survivors (8192K)
 Metaspace       used 75979K, committed 76288K, reserved 1179648K
  class space    used 8317K, committed 8448K, reserved 1048576K
}

