# JRE version: OpenJDK Runtime Environment (21.0.9) (build 21.0.9+-14787801-b1163.94)
# Java VM: OpenJDK 64-Bit Server VM (21.0.9+-14787801-b1163.94, mixed mode, tiered, compressed oops, compressed class ptrs, g1 gc, windows-amd64)
GC Precious Log:
 CardTable entry size: 512
 Card Set container configuration: InlinePtr #cards 5 size 8 Array Of Cards #cards 12 size 40 Howl #buckets 4 coarsen threshold 1843 Howl Bitmap #cards 512 size 80 coarsen threshold 460 Card regions per heap region 1 cards per card region 2048
 CPUs: 4 total, 4 available
 Memory: 11178M
 Large Page Support: Disabled
 NUMA Support: Disabled
 Compressed Oops: Enabled (32-bit)
 Heap Region Size: 1M
 Heap Min Capacity: 8M
 Heap Initial Capacity: 176M
 Heap Max Capacity: 1G
 Pre-touch: Disabled
 Parallel Workers: 4
 Concurrent Workers: 1
 Concurrent Refinement Workers: 4
 Periodic GC: Disabled
Heap:
 garbage-first heap   total 368640K, used 226700K [0x00000000c0000000, 0x0000000100000000)
  region size 1024K, 75 young (76800K), 12 survivors (12288K)
 Metaspace       used 139833K, committed 142208K, reserved 344064K
  class space    used 19964K, committed 21120K, reserved 212992K
GC Heap History (20 events):
Event: 58.887 GC heap before
{Heap before GC invocations=49 (full 0):
 garbage-first heap   total 358400K, used 332527K [0x00000000c0000000, 0x0000000100000000)
  region size 1024K, 210 young (215040K), 5 survivors (5120K)
 Metaspace       used 96457K, committed 98560K, reserved 344064K
  class space    used 13477K, committed 14464K, reserved 212992K
}
Event: 58.914 GC heap after
{Heap after GC invocations=50 (full 0):
 garbage-first heap   total 358400K, used 133626K [0x00000000c0000000, 0x0000000100000000)
  region size 1024K, 20 young (20480K), 20 survivors (20480K)
 Metaspace       used 96457K, committed 98560K, reserved 344064K
  class space    used 13477K, committed 14464K, reserved 212992K
}
Event: 64.571 GC heap before
{Heap before GC invocations=50 (full 0):
 garbage-first heap   total 358400K, used 318970K [0x00000000c0000000, 0x0000000100000000)
  region size 1024K, 201 young (205824K), 20 survivors (20480K)
 Metaspace       used 107837K, committed 109952K, reserved 344064K
  class space    used 15212K, committed 16256K, reserved 212992K
}
Event: 64.611 GC heap after
{Heap after GC invocations=51 (full 0):
 garbage-first heap   total 358400K, used 140313K [0x00000000c0000000, 0x0000000100000000)
  region size 1024K, 10 young (10240K), 10 survivors (10240K)
 Metaspace       used 107837K, committed 109952K, reserved 344064K
  class space    used 15212K, committed 16256K, reserved 212992K
}
Event: 65.964 GC heap before
{Heap before GC invocations=51 (full 0):
 garbage-first heap   total 358400K, used 184345K [0x00000000c0000000, 0x0000000100000000)
  region size 1024K, 54 young (55296K), 10 survivors (10240K)
 Metaspace       used 110953K, committed 113280K, reserved 344064K
  class space    used 15672K, committed 16832K, reserved 212992K
}
Event: 65.984 GC heap after
{Heap after GC invocations=52 (full 0):
 garbage-first heap   total 358400K, used 141813K [0x00000000c0000000, 0x0000000100000000)
  region size 1024K, 11 young (11264K), 11 survivors (11264K)
 Metaspace       used 110953K, committed 113280K, reserved 344064K
  class space    used 15672K, committed 16832K, reserved 212992K
}
Event: 87.674 GC heap before
{Heap before GC invocations=53 (full 0):
 garbage-first heap   total 358400K, used 336373K [0x00000000c0000000, 0x0000000100000000)
  region size 1024K, 193 young (197632K), 11 survivors (11264K)
 Metaspace       used 115935K, committed 118336K, reserved 344064K
  class space    used 16393K, committed 17600K, reserved 212992K
}
Event: 87.700 GC heap after
{Heap after GC invocations=54 (full 0):
 garbage-first heap   total 358400K, used 154649K [0x00000000c0000000, 0x0000000100000000)
  region size 1024K, 15 young (15360K), 15 survivors (15360K)
 Metaspace       used 115935K, committed 118336K, reserved 344064K
  class space    used 16393K, committed 17600K, reserved 212992K
}
Event: 111.020 GC heap before
{Heap before GC invocations=54 (full 0):
 garbage-first heap   total 358400K, used 336921K [0x00000000c0000000, 0x0000000100000000)
  region size 1024K, 193 young (197632K), 15 survivors (15360K)
 Metaspace       used 115938K, committed 118336K, reserved 344064K
  class space    used 16393K, committed 17600K, reserved 212992K
}
Event: 111.047 GC heap after
{Heap after GC invocations=55 (full 0):
 garbage-first heap   total 358400K, used 154172K [0x00000000c0000000, 0x0000000100000000)
  region size 1024K, 7 young (7168K), 7 survivors (7168K)
 Metaspace       used 115938K, committed 118336K, reserved 344064K
  class space    used 16393K, committed 17600K, reserved 212992K
}
Event: 123.891 GC heap before
{Heap before GC invocations=55 (full 0):
 garbage-first heap   total 358400K, used 336444K [0x00000000c0000000, 0x0000000100000000)
  region size 1024K, 186 young (190464K), 7 survivors (7168K)
 Metaspace       used 115955K, committed 118336K, reserved 344064K
  class space    used 16393K, committed 17600K, reserved 212992K
}
Event: 123.913 GC heap after
{Heap after GC invocations=56 (full 0):
 garbage-first heap   total 358400K, used 150920K [0x00000000c0000000, 0x0000000100000000)
  region size 1024K, 11 young (11264K), 11 survivors (11264K)
 Metaspace       used 115955K, committed 118336K, reserved 344064K
  class space    used 16393K, committed 17600K, reserved 212992K
}
Event: 129.980 GC heap before
{Heap before GC invocations=57 (full 0):
 garbage-first heap   total 358400K, used 335240K [0x00000000c0000000, 0x0000000100000000)
  region size 1024K, 191 young (195584K), 11 survivors (11264K)
 Metaspace       used 115956K, committed 118336K, reserved 344064K
  class space    used 16393K, committed 17600K, reserved 212992K
}
Event: 130.005 GC heap after
{Heap after GC invocations=58 (full 0):
 garbage-first heap   total 358400K, used 155196K [0x00000000c0000000, 0x0000000100000000)
  region size 1024K, 15 young (15360K), 15 survivors (15360K)
 Metaspace       used 115956K, committed 118336K, reserved 344064K
  class space    used 16393K, committed 17600K, reserved 212992K
}
Event: 136.255 GC heap before
{Heap before GC invocations=58 (full 0):
 garbage-first heap   total 358400K, used 344636K [0x00000000c0000000, 0x0000000100000000)
  region size 1024K, 192 young (196608K), 15 survivors (15360K)
 Metaspace       used 124298K, committed 126720K, reserved 344064K
  class space    used 17784K, committed 18944K, reserved 212992K
}
Event: 136.291 GC heap after
{Heap after GC invocations=59 (full 0):
 garbage-first heap   total 368640K, used 157595K [0x00000000c0000000, 0x0000000100000000)
  region size 1024K, 18 young (18432K), 18 survivors (18432K)
 Metaspace       used 124298K, committed 126720K, reserved 344064K
  class space    used 17784K, committed 18944K, reserved 212992K
}
Event: 136.292 GC heap before
{Heap before GC invocations=59 (full 0):
 garbage-first heap   total 368640K, used 158619K [0x00000000c0000000, 0x0000000100000000)
  region size 1024K, 20 young (20480K), 18 survivors (18432K)
 Metaspace       used 124298K, committed 126720K, reserved 344064K
  class space    used 17784K, committed 18944K, reserved 212992K
}
Event: 136.317 GC heap after
{Heap after GC invocations=60 (full 0):
 garbage-first heap   total 368640K, used 157799K [0x00000000c0000000, 0x0000000100000000)
  region size 1024K, 13 young (13312K), 13 survivors (13312K)
 Metaspace       used 124298K, committed 126720K, reserved 344064K
  class space    used 17784K, committed 18944K, reserved 212992K
}
Event: 141.003 GC heap before
{Heap before GC invocations=61 (full 0):
 garbage-first heap   total 368640K, used 288871K [0x00000000c0000000, 0x0000000100000000)
  region size 1024K, 139 young (142336K), 13 survivors (13312K)
 Metaspace       used 135530K, committed 137984K, reserved 344064K
  class space    used 19336K, committed 20544K, reserved 212992K
}
Event: 141.031 GC heap after
{Heap after GC invocations=62 (full 0):
 garbage-first heap   total 368640K, used 162188K [0x00000000c0000000, 0x0000000100000000)
  region size 1024K, 12 young (12288K), 12 survivors (12288K)
 Metaspace       used 135530K, committed 137984K, reserved 344064K
  class space    used 19336K, committed 20544K, reserved 212992K
}

