# JRE version: OpenJDK Runtime Environment (21.0.9) (build 21.0.9+-14787801-b1163.94)
# Java VM: OpenJDK 64-Bit Server VM (21.0.9+-14787801-b1163.94, mixed mode, tiered, compressed oops, compressed class ptrs, g1 gc, windows-amd64)
GC Precious Log:
 CardTable entry size: 512
 Card Set container configuration: InlinePtr #cards 5 size 8 Array Of Cards #cards 12 size 40 Howl #buckets 4 coarsen threshold 1843 Howl Bitmap #cards 512 size 80 coarsen threshold 460 Card regions per heap region 1 cards per card region 2048
 CPUs: 4 total, 4 available
 Memory: 11178M
 Large Page Support: Disabled
 NUMA Support: Disabled
 Compressed Oops: Enabled (32-bit)
 Heap Region Size: 1M
 Heap Min Capacity: 8M
 Heap Initial Capacity: 176M
 Heap Max Capacity: 2G
 Pre-touch: Disabled
 Parallel Workers: 4
 Concurrent Workers: 1
 Concurrent Refinement Workers: 4
 Periodic GC: Disabled
Heap:
 garbage-first heap   total 536576K, used 434645K [0x0000000080000000, 0x0000000100000000)
  region size 1024K, 265 young (271360K), 7 survivors (7168K)
 Metaspace       used 172079K, committed 174656K, reserved 1245184K
  class space    used 23412K, committed 24640K, reserved 1048576K
GC Heap History (20 events):
Event: 223.666 GC heap before
{Heap before GC invocations=66 (full 0):
 garbage-first heap   total 605184K, used 483854K [0x0000000080000000, 0x0000000100000000)
  region size 1024K, 354 young (362496K), 45 survivors (46080K)
 Metaspace       used 154041K, committed 156608K, reserved 1245184K
  class space    used 21526K, committed 22784K, reserved 1048576K
}
Event: 223.732 GC heap after
{Heap after GC invocations=67 (full 0):
 garbage-first heap   total 605184K, used 156160K [0x0000000080000000, 0x0000000100000000)
  region size 1024K, 5 young (5120K), 5 survivors (5120K)
 Metaspace       used 154041K, committed 156608K, reserved 1245184K
  class space    used 21526K, committed 22784K, reserved 1048576K
}
Event: 225.792 GC heap before
{Heap before GC invocations=67 (full 0):
 garbage-first heap   total 605184K, used 513536K [0x0000000080000000, 0x0000000100000000)
  region size 1024K, 354 young (362496K), 5 survivors (5120K)
 Metaspace       used 154058K, committed 156672K, reserved 1245184K
  class space    used 21526K, committed 22784K, reserved 1048576K
}
Event: 225.811 GC heap after
{Heap after GC invocations=68 (full 0):
 garbage-first heap   total 605184K, used 159232K [0x0000000080000000, 0x0000000100000000)
  region size 1024K, 8 young (8192K), 8 survivors (8192K)
 Metaspace       used 154058K, committed 156672K, reserved 1245184K
  class space    used 21526K, committed 22784K, reserved 1048576K
}
Event: 228.324 GC heap before
{Heap before GC invocations=68 (full 0):
 garbage-first heap   total 605184K, used 262656K [0x0000000080000000, 0x0000000100000000)
  region size 1024K, 108 young (110592K), 8 survivors (8192K)
 Metaspace       used 155864K, committed 158464K, reserved 1245184K
  class space    used 21804K, committed 23104K, reserved 1048576K
}
Event: 228.348 GC heap after
{Heap after GC invocations=69 (full 0):
 garbage-first heap   total 605184K, used 160256K [0x0000000080000000, 0x0000000100000000)
  region size 1024K, 9 young (9216K), 9 survivors (9216K)
 Metaspace       used 155864K, committed 158464K, reserved 1245184K
  class space    used 21804K, committed 23104K, reserved 1048576K
}
Event: 433.336 GC heap before
{Heap before GC invocations=70 (full 0):
 garbage-first heap   total 536576K, used 518656K [0x0000000080000000, 0x0000000100000000)
  region size 1024K, 314 young (321536K), 9 survivors (9216K)
 Metaspace       used 158656K, committed 161152K, reserved 1245184K
  class space    used 22212K, committed 23424K, reserved 1048576K
}
Event: 433.358 GC heap after
{Heap after GC invocations=71 (full 0):
 garbage-first heap   total 536576K, used 160080K [0x0000000080000000, 0x0000000100000000)
  region size 1024K, 9 young (9216K), 9 survivors (9216K)
 Metaspace       used 158656K, committed 161152K, reserved 1245184K
  class space    used 22212K, committed 23424K, reserved 1048576K
}
Event: 733.476 GC heap before
{Heap before GC invocations=71 (full 0):
 garbage-first heap   total 536576K, used 472400K [0x0000000080000000, 0x0000000100000000)
  region size 1024K, 314 young (321536K), 9 survivors (9216K)
 Metaspace       used 158668K, committed 161152K, reserved 1245184K
  class space    used 22215K, committed 23424K, reserved 1048576K
}
Event: 733.500 GC heap after
{Heap after GC invocations=72 (full 0):
 garbage-first heap   total 536576K, used 157997K [0x0000000080000000, 0x0000000100000000)
  region size 1024K, 9 young (9216K), 9 survivors (9216K)
 Metaspace       used 158668K, committed 161152K, reserved 1245184K
  class space    used 22215K, committed 23424K, reserved 1048576K
}
Event: 884.941 GC heap before
{Heap before GC invocations=72 (full 0):
 garbage-first heap   total 536576K, used 442669K [0x0000000080000000, 0x0000000100000000)
  region size 1024K, 288 young (294912K), 9 survivors (9216K)
 Metaspace       used 159417K, committed 161984K, reserved 1245184K
  class space    used 22236K, committed 23488K, reserved 1048576K
}
Event: 885.007 GC heap after
{Heap after GC invocations=73 (full 0):
 garbage-first heap   total 536576K, used 166765K [0x0000000080000000, 0x0000000100000000)
  region size 1024K, 18 young (18432K), 18 survivors (18432K)
 Metaspace       used 159417K, committed 161984K, reserved 1245184K
  class space    used 22236K, committed 23488K, reserved 1048576K
}
Event: 899.889 GC heap before
{Heap before GC invocations=74 (full 0):
 garbage-first heap   total 536576K, used 495469K [0x0000000080000000, 0x0000000100000000)
  region size 1024K, 314 young (321536K), 18 survivors (18432K)
 Metaspace       used 170991K, committed 173632K, reserved 1245184K
  class space    used 23362K, committed 24640K, reserved 1048576K
}
Event: 899.956 GC heap after
{Heap after GC invocations=75 (full 0):
 garbage-first heap   total 536576K, used 189741K [0x0000000080000000, 0x0000000100000000)
  region size 1024K, 35 young (35840K), 35 survivors (35840K)
 Metaspace       used 170991K, committed 173632K, reserved 1245184K
  class space    used 23362K, committed 24640K, reserved 1048576K
}
Event: 911.736 GC heap before
{Heap before GC invocations=75 (full 0):
 garbage-first heap   total 536576K, used 501037K [0x0000000080000000, 0x0000000100000000)
  region size 1024K, 314 young (321536K), 35 survivors (35840K)
 Metaspace       used 171634K, committed 174272K, reserved 1245184K
  class space    used 23366K, committed 24640K, reserved 1048576K
}
Event: 911.787 GC heap after
{Heap after GC invocations=76 (full 0):
 garbage-first heap   total 536576K, used 175340K [0x0000000080000000, 0x0000000100000000)
  region size 1024K, 9 young (9216K), 9 survivors (9216K)
 Metaspace       used 171634K, committed 174272K, reserved 1245184K
  class space    used 23366K, committed 24640K, reserved 1048576K
}
Event: 1163.340 GC heap before
{Heap before GC invocations=76 (full 0):
 garbage-first heap   total 536576K, used 487660K [0x0000000080000000, 0x0000000100000000)
  region size 1024K, 314 young (321536K), 9 survivors (9216K)
 Metaspace       used 171668K, committed 174336K, reserved 1245184K
  class space    used 23369K, committed 24640K, reserved 1048576K
}
Event: 1163.353 GC heap after
{Heap after GC invocations=77 (full 0):
 garbage-first heap   total 536576K, used 171756K [0x0000000080000000, 0x0000000100000000)
  region size 1024K, 7 young (7168K), 7 survivors (7168K)
 Metaspace       used 171668K, committed 174336K, reserved 1245184K
  class space    used 23369K, committed 24640K, reserved 1048576K
}
Event: 1473.358 GC heap before
{Heap before GC invocations=78 (full 0):
 garbage-first heap   total 536576K, used 486124K [0x0000000080000000, 0x0000000100000000)
  region size 1024K, 314 young (321536K), 7 survivors (7168K)
 Metaspace       used 171679K, committed 174336K, reserved 1245184K
  class space    used 23362K, committed 24640K, reserved 1048576K
}
Event: 1473.376 GC heap after
{Heap after GC invocations=79 (full 0):
 garbage-first heap   total 536576K, used 171477K [0x0000000080000000, 0x0000000100000000)
  region size 1024K, 7 young (7168K), 7 survivors (7168K)
 Metaspace       used 171679K, committed 174336K, reserved 1245184K
  class space    used 23362K, committed 24640K, reserved 1048576K
}

