# JRE version: OpenJDK Runtime Environment (21.0.9) (build 21.0.9+-14787801-b1163.94)
# Java VM: OpenJDK 64-Bit Server VM (21.0.9+-14787801-b1163.94, mixed mode, tiered, compressed oops, compressed class ptrs, g1 gc, windows-amd64)
GC Precious Log:
 CardTable entry size: 512
 Card Set container configuration: InlinePtr #cards 5 size 8 Array Of Cards #cards 12 size 40 Howl #buckets 4 coarsen threshold 1843 Howl Bitmap #cards 512 size 80 coarsen threshold 460 Card regions per heap region 1 cards per card region 2048
 CPUs: 4 total, 4 available
 Memory: 11178M
 Large Page Support: Disabled
 NUMA Support: Disabled
 Compressed Oops: Enabled (32-bit)
 Heap Region Size: 1M
 Heap Min Capacity: 8M
 Heap Initial Capacity: 176M
 Heap Max Capacity: 2G
 Pre-touch: Disabled
 Parallel Workers: 4
 Concurrent Workers: 1
 Concurrent Refinement Workers: 4
 Periodic GC: Disabled
Heap:
 garbage-first heap   total 436224K, used 278385K [0x0000000080000000, 0x0000000100000000)
  region size 1024K, 129 young (132096K), 3 survivors (3072K)
 Metaspace       used 178003K, committed 184896K, reserved 1245184K
  class space    used 23665K, committed 25984K, reserved 1048576K
GC Heap History (20 events):
Event: 4321.723 GC heap before
{Heap before GC invocations=123 (full 0):
 garbage-first heap   total 436224K, used 401128K [0x0000000080000000, 0x0000000100000000)
  region size 1024K, 221 young (226304K), 4 survivors (4096K)
 Metaspace       used 177861K, committed 184896K, reserved 1245184K
  class space    used 23638K, committed 25984K, reserved 1048576K
}
Event: 4321.736 GC heap after
{Heap after GC invocations=124 (full 0):
 garbage-first heap   total 436224K, used 178615K [0x0000000080000000, 0x0000000100000000)
  region size 1024K, 3 young (3072K), 3 survivors (3072K)
 Metaspace       used 177861K, committed 184896K, reserved 1245184K
  class space    used 23638K, committed 25984K, reserved 1048576K
}
Event: 4324.163 GC heap before
{Heap before GC invocations=124 (full 0):
 garbage-first heap   total 436224K, used 409015K [0x0000000080000000, 0x0000000100000000)
  region size 1024K, 228 young (233472K), 3 survivors (3072K)
 Metaspace       used 177861K, committed 184896K, reserved 1245184K
  class space    used 23638K, committed 25984K, reserved 1048576K
}
Event: 4324.207 GC heap after
{Heap after GC invocations=125 (full 0):
 garbage-first heap   total 436224K, used 157106K [0x0000000080000000, 0x0000000100000000)
  region size 1024K, 3 young (3072K), 3 survivors (3072K)
 Metaspace       used 177861K, committed 184896K, reserved 1245184K
  class space    used 23638K, committed 25984K, reserved 1048576K
}
Event: 4326.701 GC heap before
{Heap before GC invocations=125 (full 0):
 garbage-first heap   total 436224K, used 413106K [0x0000000080000000, 0x0000000100000000)
  region size 1024K, 253 young (259072K), 3 survivors (3072K)
 Metaspace       used 177887K, committed 184896K, reserved 1245184K
  class space    used 23638K, committed 25984K, reserved 1048576K
}
Event: 4326.709 GC heap after
{Heap after GC invocations=126 (full 0):
 garbage-first heap   total 436224K, used 157065K [0x0000000080000000, 0x0000000100000000)
  region size 1024K, 3 young (3072K), 3 survivors (3072K)
 Metaspace       used 177887K, committed 184896K, reserved 1245184K
  class space    used 23638K, committed 25984K, reserved 1048576K
}
Event: 4329.171 GC heap before
{Heap before GC invocations=127 (full 0):
 garbage-first heap   total 436224K, used 413065K [0x0000000080000000, 0x0000000100000000)
  region size 1024K, 253 young (259072K), 3 survivors (3072K)
 Metaspace       used 177889K, committed 184896K, reserved 1245184K
  class space    used 23638K, committed 25984K, reserved 1048576K
}
Event: 4329.181 GC heap after
{Heap after GC invocations=128 (full 0):
 garbage-first heap   total 436224K, used 157183K [0x0000000080000000, 0x0000000100000000)
  region size 1024K, 3 young (3072K), 3 survivors (3072K)
 Metaspace       used 177889K, committed 184896K, reserved 1245184K
  class space    used 23638K, committed 25984K, reserved 1048576K
}
Event: 4330.907 GC heap before
{Heap before GC invocations=128 (full 0):
 garbage-first heap   total 436224K, used 413183K [0x0000000080000000, 0x0000000100000000)
  region size 1024K, 253 young (259072K), 3 survivors (3072K)
 Metaspace       used 177897K, committed 184896K, reserved 1245184K
  class space    used 23638K, committed 25984K, reserved 1048576K
}
Event: 4330.927 GC heap after
{Heap after GC invocations=129 (full 0):
 garbage-first heap   total 436224K, used 153802K [0x0000000080000000, 0x0000000100000000)
  region size 1024K, 3 young (3072K), 3 survivors (3072K)
 Metaspace       used 177897K, committed 184896K, reserved 1245184K
  class space    used 23638K, committed 25984K, reserved 1048576K
}
Event: 4334.097 GC heap before
{Heap before GC invocations=129 (full 0):
 garbage-first heap   total 436224K, used 411850K [0x0000000080000000, 0x0000000100000000)
  region size 1024K, 255 young (261120K), 3 survivors (3072K)
 Metaspace       used 177897K, committed 184896K, reserved 1245184K
  class space    used 23638K, committed 25984K, reserved 1048576K
}
Event: 4334.105 GC heap after
{Heap after GC invocations=130 (full 0):
 garbage-first heap   total 436224K, used 153801K [0x0000000080000000, 0x0000000100000000)
  region size 1024K, 3 young (3072K), 3 survivors (3072K)
 Metaspace       used 177897K, committed 184896K, reserved 1245184K
  class space    used 23638K, committed 25984K, reserved 1048576K
}
Event: 4336.466 GC heap before
{Heap before GC invocations=131 (full 0):
 garbage-first heap   total 436224K, used 411849K [0x0000000080000000, 0x0000000100000000)
  region size 1024K, 255 young (261120K), 3 survivors (3072K)
 Metaspace       used 177897K, committed 184896K, reserved 1245184K
  class space    used 23638K, committed 25984K, reserved 1048576K
}
Event: 4336.478 GC heap after
{Heap after GC invocations=132 (full 0):
 garbage-first heap   total 436224K, used 153944K [0x0000000080000000, 0x0000000100000000)
  region size 1024K, 3 young (3072K), 3 survivors (3072K)
 Metaspace       used 177897K, committed 184896K, reserved 1245184K
  class space    used 23638K, committed 25984K, reserved 1048576K
}
Event: 4338.061 GC heap before
{Heap before GC invocations=132 (full 0):
 garbage-first heap   total 436224K, used 411992K [0x0000000080000000, 0x0000000100000000)
  region size 1024K, 255 young (261120K), 3 survivors (3072K)
 Metaspace       used 177898K, committed 184896K, reserved 1245184K
  class space    used 23638K, committed 25984K, reserved 1048576K
}
Event: 4338.086 GC heap after
{Heap after GC invocations=133 (full 0):
 garbage-first heap   total 436224K, used 150607K [0x0000000080000000, 0x0000000100000000)
  region size 1024K, 3 young (3072K), 3 survivors (3072K)
 Metaspace       used 177898K, committed 184896K, reserved 1245184K
  class space    used 23638K, committed 25984K, reserved 1048576K
}
Event: 4339.971 GC heap before
{Heap before GC invocations=133 (full 0):
 garbage-first heap   total 436224K, used 408655K [0x0000000080000000, 0x0000000100000000)
  region size 1024K, 255 young (261120K), 3 survivors (3072K)
 Metaspace       used 177898K, committed 184896K, reserved 1245184K
  class space    used 23638K, committed 25984K, reserved 1048576K
}
Event: 4339.978 GC heap after
{Heap after GC invocations=134 (full 0):
 garbage-first heap   total 436224K, used 150479K [0x0000000080000000, 0x0000000100000000)
  region size 1024K, 3 young (3072K), 3 survivors (3072K)
 Metaspace       used 177898K, committed 184896K, reserved 1245184K
  class space    used 23638K, committed 25984K, reserved 1048576K
}
Event: 4432.937 GC heap before
{Heap before GC invocations=135 (full 0):
 garbage-first heap   total 436224K, used 408527K [0x0000000080000000, 0x0000000100000000)
  region size 1024K, 255 young (261120K), 3 survivors (3072K)
 Metaspace       used 177903K, committed 184896K, reserved 1245184K
  class space    used 23638K, committed 25984K, reserved 1048576K
}
Event: 4432.960 GC heap after
{Heap after GC invocations=136 (full 0):
 garbage-first heap   total 436224K, used 150385K [0x0000000080000000, 0x0000000100000000)
  region size 1024K, 3 young (3072K), 3 survivors (3072K)
 Metaspace       used 177903K, committed 184896K, reserved 1245184K
  class space    used 23638K, committed 25984K, reserved 1048576K
}

