# JRE version: OpenJDK Runtime Environment (21.0.9) (build 21.0.9+-14787801-b1163.94)
# Java VM: OpenJDK 64-Bit Server VM (21.0.9+-14787801-b1163.94, mixed mode, tiered, compressed oops, compressed class ptrs, g1 gc, windows-amd64)
GC Precious Log:
 CardTable entry size: 512
 Card Set container configuration: InlinePtr #cards 5 size 8 Array Of Cards #cards 12 size 40 Howl #buckets 4 coarsen threshold 1843 Howl Bitmap #cards 512 size 80 coarsen threshold 460 Card regions per heap region 1 cards per card region 2048
 CPUs: 4 total, 4 available
 Memory: 11178M
 Large Page Support: Disabled
 NUMA Support: Disabled
 Compressed Oops: Enabled (32-bit)
 Heap Region Size: 1M
 Heap Min Capacity: 8M
 Heap Initial Capacity: 176M
 Heap Max Capacity: 2G
 Pre-touch: Disabled
 Parallel Workers: 4
 Concurrent Workers: 1
 Concurrent Refinement Workers: 4
 Periodic GC: Disabled
Heap:
 garbage-first heap   total 249856K, used 126794K [0x0000000080000000, 0x0000000100000000)
  region size 1024K, 10 young (10240K), 10 survivors (10240K)
 Metaspace       used 117681K, committed 120064K, reserved 1179648K
  class space    used 16727K, committed 17856K, reserved 1048576K
GC Heap History (20 events):
Event: 60.607 GC heap after
{Heap after GC invocations=50 (full 0):
 garbage-first heap   total 188416K, used 119046K [0x0000000080000000, 0x0000000100000000)
  region size 1024K, 4 young (4096K), 4 survivors (4096K)
 Metaspace       used 112780K, committed 115072K, reserved 1179648K
  class space    used 16071K, committed 17152K, reserved 1048576K
}
Event: 61.114 GC heap before
{Heap before GC invocations=50 (full 0):
 garbage-first heap   total 188416K, used 170246K [0x0000000080000000, 0x0000000100000000)
  region size 1024K, 55 young (56320K), 4 survivors (4096K)
 Metaspace       used 112782K, committed 115072K, reserved 1179648K
  class space    used 16071K, committed 17152K, reserved 1048576K
}
Event: 61.123 GC heap after
{Heap after GC invocations=51 (full 0):
 garbage-first heap   total 188416K, used 119119K [0x0000000080000000, 0x0000000100000000)
  region size 1024K, 4 young (4096K), 4 survivors (4096K)
 Metaspace       used 112782K, committed 115072K, reserved 1179648K
  class space    used 16071K, committed 17152K, reserved 1048576K
}
Event: 61.837 GC heap before
{Heap before GC invocations=52 (full 0):
 garbage-first heap   total 199680K, used 173391K [0x0000000080000000, 0x0000000100000000)
  region size 1024K, 57 young (58368K), 4 survivors (4096K)
 Metaspace       used 112875K, committed 115200K, reserved 1179648K
  class space    used 16072K, committed 17152K, reserved 1048576K
}
Event: 61.848 GC heap after
{Heap after GC invocations=53 (full 0):
 garbage-first heap   total 199680K, used 119909K [0x0000000080000000, 0x0000000100000000)
  region size 1024K, 5 young (5120K), 5 survivors (5120K)
 Metaspace       used 112875K, committed 115200K, reserved 1179648K
  class space    used 16072K, committed 17152K, reserved 1048576K
}
Event: 62.721 GC heap before
{Heap before GC invocations=53 (full 0):
 garbage-first heap   total 199680K, used 183397K [0x0000000080000000, 0x0000000100000000)
  region size 1024K, 67 young (68608K), 5 survivors (5120K)
 Metaspace       used 113196K, committed 115456K, reserved 1179648K
  class space    used 16145K, committed 17216K, reserved 1048576K
}
Event: 62.736 GC heap after
{Heap after GC invocations=54 (full 0):
 garbage-first heap   total 199680K, used 119284K [0x0000000080000000, 0x0000000100000000)
  region size 1024K, 7 young (7168K), 7 survivors (7168K)
 Metaspace       used 113196K, committed 115456K, reserved 1179648K
  class space    used 16145K, committed 17216K, reserved 1048576K
}
Event: 63.416 GC heap before
{Heap before GC invocations=54 (full 0):
 garbage-first heap   total 199680K, used 183796K [0x0000000080000000, 0x0000000100000000)
  region size 1024K, 70 young (71680K), 7 survivors (7168K)
 Metaspace       used 113342K, committed 115648K, reserved 1179648K
  class space    used 16171K, committed 17280K, reserved 1048576K
}
Event: 63.431 GC heap after
{Heap after GC invocations=55 (full 0):
 garbage-first heap   total 247808K, used 120391K [0x0000000080000000, 0x0000000100000000)
  region size 1024K, 6 young (6144K), 6 survivors (6144K)
 Metaspace       used 113342K, committed 115648K, reserved 1179648K
  class space    used 16171K, committed 17280K, reserved 1048576K
}
Event: 64.342 GC heap before
{Heap before GC invocations=56 (full 0):
 garbage-first heap   total 247808K, used 224839K [0x0000000080000000, 0x0000000100000000)
  region size 1024K, 108 young (110592K), 6 survivors (6144K)
 Metaspace       used 113363K, committed 115712K, reserved 1179648K
  class space    used 16171K, committed 17280K, reserved 1048576K
}
Event: 64.357 GC heap after
{Heap after GC invocations=57 (full 0):
 garbage-first heap   total 247808K, used 121364K [0x0000000080000000, 0x0000000100000000)
  region size 1024K, 7 young (7168K), 7 survivors (7168K)
 Metaspace       used 113363K, committed 115712K, reserved 1179648K
  class space    used 16171K, committed 17280K, reserved 1048576K
}
Event: 65.006 GC heap before
{Heap before GC invocations=57 (full 0):
 garbage-first heap   total 247808K, used 227860K [0x0000000080000000, 0x0000000100000000)
  region size 1024K, 111 young (113664K), 7 survivors (7168K)
 Metaspace       used 113377K, committed 115776K, reserved 1179648K
  class space    used 16171K, committed 17280K, reserved 1048576K
}
Event: 65.025 GC heap after
{Heap after GC invocations=58 (full 0):
 garbage-first heap   total 247808K, used 120452K [0x0000000080000000, 0x0000000100000000)
  region size 1024K, 7 young (7168K), 7 survivors (7168K)
 Metaspace       used 113377K, committed 115776K, reserved 1179648K
  class space    used 16171K, committed 17280K, reserved 1048576K
}
Event: 65.959 GC heap before
{Heap before GC invocations=58 (full 0):
 garbage-first heap   total 247808K, used 231044K [0x0000000080000000, 0x0000000100000000)
  region size 1024K, 115 young (117760K), 7 survivors (7168K)
 Metaspace       used 113614K, committed 115904K, reserved 1179648K
  class space    used 16207K, committed 17280K, reserved 1048576K
}
Event: 65.975 GC heap after
{Heap after GC invocations=59 (full 0):
 garbage-first heap   total 247808K, used 121432K [0x0000000080000000, 0x0000000100000000)
  region size 1024K, 8 young (8192K), 8 survivors (8192K)
 Metaspace       used 113614K, committed 115904K, reserved 1179648K
  class space    used 16207K, committed 17280K, reserved 1048576K
}
Event: 66.845 GC heap before
{Heap before GC invocations=60 (full 0):
 garbage-first heap   total 247808K, used 233048K [0x0000000080000000, 0x0000000100000000)
  region size 1024K, 117 young (119808K), 8 survivors (8192K)
 Metaspace       used 113666K, committed 115968K, reserved 1179648K
  class space    used 16213K, committed 17280K, reserved 1048576K
}
Event: 66.865 GC heap after
{Heap after GC invocations=61 (full 0):
 garbage-first heap   total 247808K, used 122211K [0x0000000080000000, 0x0000000100000000)
  region size 1024K, 9 young (9216K), 9 survivors (9216K)
 Metaspace       used 113666K, committed 115968K, reserved 1179648K
  class space    used 16213K, committed 17280K, reserved 1048576K
}
Event: 69.642 GC heap before
{Heap before GC invocations=61 (full 0):
 garbage-first heap   total 247808K, used 233827K [0x0000000080000000, 0x0000000100000000)
  region size 1024K, 118 young (120832K), 9 survivors (9216K)
 Metaspace       used 116305K, committed 118592K, reserved 1179648K
  class space    used 16522K, committed 17600K, reserved 1048576K
}
Event: 69.719 GC heap after
{Heap after GC invocations=62 (full 0):
 garbage-first heap   total 249856K, used 124822K [0x0000000080000000, 0x0000000100000000)
  region size 1024K, 12 young (12288K), 12 survivors (12288K)
 Metaspace       used 116305K, committed 118592K, reserved 1179648K
  class space    used 16522K, committed 17600K, reserved 1048576K
}
Event: 70.752 GC heap before
{Heap before GC invocations=62 (full 0):
 garbage-first heap   total 249856K, used 233366K [0x0000000080000000, 0x0000000100000000)
  region size 1024K, 119 young (121856K), 12 survivors (12288K)
 Metaspace       used 117681K, committed 120064K, reserved 1179648K
  class space    used 16727K, committed 17856K, reserved 1048576K
}

